<?xml version="1.0" encoding="UTF-8" ?>
<testsuites name="vitest tests" tests="1468" failures="0" errors="0" time="0.2489938">
    <testsuite name="src/lib/pokepaste.spec.ts" timestamp="2026-07-27T06:33:09.299Z" hostname="mitama" tests="235" failures="0" errors="0" skipped="0" time="0.0937882">
        <testcase classname="src/lib/pokepaste.spec.ts" name="exportSet for All Pokémon &gt; exportSet( &apos;venusaur&apos; )" time="0.0062456">
        </testcase>
        <testcase classname="src/lib/pokepaste.spec.ts" name="exportSet for All Pokémon &gt; exportSet( &apos;charizard&apos; )" time="0.0059836">
        </testcase>
        <testcase classname="src/lib/pokepaste.spec.ts" name="exportSet for All Pokémon &gt; exportSet( &apos;blastoise&apos; )" time="0.0059596">
        </testcase>
        <testcase classname="src/lib/pokepaste.spec.ts" name="exportSet for All Pokémon &gt; exportSet( &apos;beedrill&apos; )" time="0.0059448">
        </testcase>
        <testcase classname="src/lib/pokepaste.spec.ts" name="exportSet for All Pokémon &gt; exportSet( &apos;pidgeot&apos; )" time="0.0059334">
        </testcase>
        <testcase classname="src/lib/pokepaste.spec.ts" name="exportSet for All Pokémon &gt; exportSet( &apos;arbok&apos; )" time="0.0022717">
        </testcase>
        <testcase classname="src/lib/pokepaste.spec.ts" name="exportSet for All Pokémon &gt; exportSet( &apos;pikachu&apos; )" time="0.0022405">
        </testcase>
        <testcase classname="src/lib/pokepaste.spec.ts" name="exportSet for All Pokémon &gt; exportSet( &apos;alolan-raichu&apos; )" time="0.0022239">
        </testcase>
        <testcase classname="src/lib/pokepaste.spec.ts" name="exportSet for All Pokémon &gt; exportSet( &apos;raichu&apos; )" time="0.0022122">
        </testcase>
        <testcase classname="src/lib/pokepaste.spec.ts" name="exportSet for All Pokémon &gt; exportSet( &apos;clefable&apos; )" time="0.0021952">
        </testcase>
        <testcase classname="src/lib/pokepaste.spec.ts" name="exportSet for All Pokémon &gt; exportSet( &apos;alolan-ninetales&apos; )" time="0.0016572">
        </testcase>
        <testcase classname="src/lib/pokepaste.spec.ts" name="exportSet for All Pokémon &gt; exportSet( &apos;ninetales&apos; )" time="0.0016398">
        </testcase>
        <testcase classname="src/lib/pokepaste.spec.ts" name="exportSet for All Pokémon &gt; exportSet( &apos;arcanine&apos; )" time="0.0016309">
        </testcase>
        <testcase classname="src/lib/pokepaste.spec.ts" name="exportSet for All Pokémon &gt; exportSet( &apos;hisuian-arcanine&apos; )" time="0.0016245">
        </testcase>
        <testcase classname="src/lib/pokepaste.spec.ts" name="exportSet for All Pokémon &gt; exportSet( &apos;alakazam&apos; )" time="0.0016155">
        </testcase>
        <testcase classname="src/lib/pokepaste.spec.ts" name="exportSet for All Pokémon &gt; exportSet( &apos;machamp&apos; )" time="0.0014089">
        </testcase>
        <testcase classname="src/lib/pokepaste.spec.ts" name="exportSet for All Pokémon &gt; exportSet( &apos;victreebel&apos; )" time="0.0013919">
        </testcase>
        <testcase classname="src/lib/pokepaste.spec.ts" name="exportSet for All Pokémon &gt; exportSet( &apos;galarian-slowbro&apos; )" time="0.0013847">
        </testcase>
        <testcase classname="src/lib/pokepaste.spec.ts" name="exportSet for All Pokémon &gt; exportSet( &apos;slowbro&apos; )" time="0.0013787">
        </testcase>
        <testcase classname="src/lib/pokepaste.spec.ts" name="exportSet for All Pokémon &gt; exportSet( &apos;gengar&apos; )" time="0.001373">
        </testcase>
        <testcase classname="src/lib/pokepaste.spec.ts" name="exportSet for All Pokémon &gt; exportSet( &apos;kangaskhan&apos; )" time="0.001344">
        </testcase>
        <testcase classname="src/lib/pokepaste.spec.ts" name="exportSet for All Pokémon &gt; exportSet( &apos;starmie&apos; )" time="0.001332">
        </testcase>
        <testcase classname="src/lib/pokepaste.spec.ts" name="exportSet for All Pokémon &gt; exportSet( &apos;pinsir&apos; )" time="0.0013255">
        </testcase>
        <testcase classname="src/lib/pokepaste.spec.ts" name="exportSet for All Pokémon &gt; exportSet( &apos;tauros-paldea-combat-breed&apos; )" time="0.0013195">
        </testcase>
        <testcase classname="src/lib/pokepaste.spec.ts" name="exportSet for All Pokémon &gt; exportSet( &apos;tauros&apos; )" time="0.0013129">
        </testcase>
        <testcase classname="src/lib/pokepaste.spec.ts" name="exportSet for All Pokémon &gt; exportSet( &apos;tauros-paldea-aqua-breed&apos; )" time="0.0014367">
        </testcase>
        <testcase classname="src/lib/pokepaste.spec.ts" name="exportSet for All Pokémon &gt; exportSet( &apos;tauros-paldea-blaze-breed&apos; )" time="0.0014256">
        </testcase>
        <testcase classname="src/lib/pokepaste.spec.ts" name="exportSet for All Pokémon &gt; exportSet( &apos;gyarados&apos; )" time="0.0014189">
        </testcase>
        <testcase classname="src/lib/pokepaste.spec.ts" name="exportSet for All Pokémon &gt; exportSet( &apos;ditto&apos; )" time="0.0014131">
        </testcase>
        <testcase classname="src/lib/pokepaste.spec.ts" name="exportSet for All Pokémon &gt; exportSet( &apos;vaporeon&apos; )" time="0.0014073">
        </testcase>
        <testcase classname="src/lib/pokepaste.spec.ts" name="exportSet for All Pokémon &gt; exportSet( &apos;jolteon&apos; )" time="0.0016154">
        </testcase>
        <testcase classname="src/lib/pokepaste.spec.ts" name="exportSet for All Pokémon &gt; exportSet( &apos;flareon&apos; )" time="0.0016006">
        </testcase>
        <testcase classname="src/lib/pokepaste.spec.ts" name="exportSet for All Pokémon &gt; exportSet( &apos;aerodactyl&apos; )" time="0.0015858">
        </testcase>
        <testcase classname="src/lib/pokepaste.spec.ts" name="exportSet for All Pokémon &gt; exportSet( &apos;snorlax&apos; )" time="0.0015796">
        </testcase>
        <testcase classname="src/lib/pokepaste.spec.ts" name="exportSet for All Pokémon &gt; exportSet( &apos;dragonite&apos; )" time="0.0015721">
        </testcase>
        <testcase classname="src/lib/pokepaste.spec.ts" name="exportSet for All Pokémon &gt; exportSet( &apos;hisuian-typhlosion&apos; )" time="0.0015164">
        </testcase>
        <testcase classname="src/lib/pokepaste.spec.ts" name="exportSet for All Pokémon &gt; exportSet( &apos;typhlosion&apos; )" time="0.0015044">
        </testcase>
        <testcase classname="src/lib/pokepaste.spec.ts" name="exportSet for All Pokémon &gt; exportSet( &apos;feraligatr&apos; )" time="0.0014964">
        </testcase>
        <testcase classname="src/lib/pokepaste.spec.ts" name="exportSet for All Pokémon &gt; exportSet( &apos;ariados&apos; )" time="0.0014907">
        </testcase>
        <testcase classname="src/lib/pokepaste.spec.ts" name="exportSet for All Pokémon &gt; exportSet( &apos;ampharos&apos; )" time="0.0014846">
        </testcase>
        <testcase classname="src/lib/pokepaste.spec.ts" name="exportSet for All Pokémon &gt; exportSet( &apos;azumarill&apos; )" time="0.0014698">
        </testcase>
        <testcase classname="src/lib/pokepaste.spec.ts" name="exportSet for All Pokémon &gt; exportSet( &apos;politoed&apos; )" time="0.0014481">
        </testcase>
        <testcase classname="src/lib/pokepaste.spec.ts" name="exportSet for All Pokémon &gt; exportSet( &apos;espeon&apos; )" time="0.0014404">
        </testcase>
        <testcase classname="src/lib/pokepaste.spec.ts" name="exportSet for All Pokémon &gt; exportSet( &apos;umbreon&apos; )" time="0.0014351">
        </testcase>
        <testcase classname="src/lib/pokepaste.spec.ts" name="exportSet for All Pokémon &gt; exportSet( &apos;galarian-slowking&apos; )" time="0.0014287">
        </testcase>
        <testcase classname="src/lib/pokepaste.spec.ts" name="exportSet for All Pokémon &gt; exportSet( &apos;slowking&apos; )" time="0.0016755">
        </testcase>
        <testcase classname="src/lib/pokepaste.spec.ts" name="exportSet for All Pokémon &gt; exportSet( &apos;forretress&apos; )" time="0.0016606">
        </testcase>
        <testcase classname="src/lib/pokepaste.spec.ts" name="exportSet for All Pokémon &gt; exportSet( &apos;steelix&apos; )" time="0.0016526">
        </testcase>
        <testcase classname="src/lib/pokepaste.spec.ts" name="exportSet for All Pokémon &gt; exportSet( &apos;scizor&apos; )" time="0.0016418">
        </testcase>
        <testcase classname="src/lib/pokepaste.spec.ts" name="exportSet for All Pokémon &gt; exportSet( &apos;heracross&apos; )" time="0.0016353">
        </testcase>
        <testcase classname="src/lib/pokepaste.spec.ts" name="exportSet for All Pokémon &gt; exportSet( &apos;skarmory&apos; )" time="0.0019853">
        </testcase>
        <testcase classname="src/lib/pokepaste.spec.ts" name="exportSet for All Pokémon &gt; exportSet( &apos;houndoom&apos; )" time="0.0019709">
        </testcase>
        <testcase classname="src/lib/pokepaste.spec.ts" name="exportSet for All Pokémon &gt; exportSet( &apos;tyranitar&apos; )" time="0.0019628">
        </testcase>
        <testcase classname="src/lib/pokepaste.spec.ts" name="exportSet for All Pokémon &gt; exportSet( &apos;pelipper&apos; )" time="0.0019568">
        </testcase>
        <testcase classname="src/lib/pokepaste.spec.ts" name="exportSet for All Pokémon &gt; exportSet( &apos;gardevoir&apos; )" time="0.0019505">
        </testcase>
        <testcase classname="src/lib/pokepaste.spec.ts" name="exportSet for All Pokémon &gt; exportSet( &apos;sableye&apos; )" time="0.0019209">
        </testcase>
        <testcase classname="src/lib/pokepaste.spec.ts" name="exportSet for All Pokémon &gt; exportSet( &apos;aggron&apos; )" time="0.001903">
        </testcase>
        <testcase classname="src/lib/pokepaste.spec.ts" name="exportSet for All Pokémon &gt; exportSet( &apos;medicham&apos; )" time="0.0018956">
        </testcase>
        <testcase classname="src/lib/pokepaste.spec.ts" name="exportSet for All Pokémon &gt; exportSet( &apos;manectric&apos; )" time="0.0018893">
        </testcase>
        <testcase classname="src/lib/pokepaste.spec.ts" name="exportSet for All Pokémon &gt; exportSet( &apos;sharpedo&apos; )" time="0.0018841">
        </testcase>
        <testcase classname="src/lib/pokepaste.spec.ts" name="exportSet for All Pokémon &gt; exportSet( &apos;camerupt&apos; )" time="0.0018654">
        </testcase>
        <testcase classname="src/lib/pokepaste.spec.ts" name="exportSet for All Pokémon &gt; exportSet( &apos;torkoal&apos; )" time="0.0018514">
        </testcase>
        <testcase classname="src/lib/pokepaste.spec.ts" name="exportSet for All Pokémon &gt; exportSet( &apos;altaria&apos; )" time="0.0018428">
        </testcase>
        <testcase classname="src/lib/pokepaste.spec.ts" name="exportSet for All Pokémon &gt; exportSet( &apos;milotic&apos; )" time="0.001836">
        </testcase>
        <testcase classname="src/lib/pokepaste.spec.ts" name="exportSet for All Pokémon &gt; exportSet( &apos;castform&apos; )" time="0.0018253">
        </testcase>
        <testcase classname="src/lib/pokepaste.spec.ts" name="exportSet for All Pokémon &gt; exportSet( &apos;banette&apos; )" time="0.0018522">
        </testcase>
        <testcase classname="src/lib/pokepaste.spec.ts" name="exportSet for All Pokémon &gt; exportSet( &apos;chimecho&apos; )" time="0.0018398">
        </testcase>
        <testcase classname="src/lib/pokepaste.spec.ts" name="exportSet for All Pokémon &gt; exportSet( &apos;absol&apos; )" time="0.0018329">
        </testcase>
        <testcase classname="src/lib/pokepaste.spec.ts" name="exportSet for All Pokémon &gt; exportSet( &apos;glalie&apos; )" time="0.001827">
        </testcase>
        <testcase classname="src/lib/pokepaste.spec.ts" name="exportSet for All Pokémon &gt; exportSet( &apos;torterra&apos; )" time="0.0018211">
        </testcase>
        <testcase classname="src/lib/pokepaste.spec.ts" name="exportSet for All Pokémon &gt; exportSet( &apos;infernape&apos; )" time="0.0017188">
        </testcase>
        <testcase classname="src/lib/pokepaste.spec.ts" name="exportSet for All Pokémon &gt; exportSet( &apos;empoleon&apos; )" time="0.0017069">
        </testcase>
        <testcase classname="src/lib/pokepaste.spec.ts" name="exportSet for All Pokémon &gt; exportSet( &apos;luxray&apos; )" time="0.0016952">
        </testcase>
        <testcase classname="src/lib/pokepaste.spec.ts" name="exportSet for All Pokémon &gt; exportSet( &apos;roserade&apos; )" time="0.0016896">
        </testcase>
        <testcase classname="src/lib/pokepaste.spec.ts" name="exportSet for All Pokémon &gt; exportSet( &apos;rampardos&apos; )" time="0.0016834">
        </testcase>
        <testcase classname="src/lib/pokepaste.spec.ts" name="exportSet for All Pokémon &gt; exportSet( &apos;bastiodon&apos; )" time="0.0018567">
        </testcase>
        <testcase classname="src/lib/pokepaste.spec.ts" name="exportSet for All Pokémon &gt; exportSet( &apos;lopunny&apos; )" time="0.0018437">
        </testcase>
        <testcase classname="src/lib/pokepaste.spec.ts" name="exportSet for All Pokémon &gt; exportSet( &apos;spiritomb&apos; )" time="0.0018348">
        </testcase>
        <testcase classname="src/lib/pokepaste.spec.ts" name="exportSet for All Pokémon &gt; exportSet( &apos;garchomp&apos; )" time="0.0018275">
        </testcase>
        <testcase classname="src/lib/pokepaste.spec.ts" name="exportSet for All Pokémon &gt; exportSet( &apos;lucario&apos; )" time="0.0018213">
        </testcase>
        <testcase classname="src/lib/pokepaste.spec.ts" name="exportSet for All Pokémon &gt; exportSet( &apos;hippowdon&apos; )" time="0.0019736">
        </testcase>
        <testcase classname="src/lib/pokepaste.spec.ts" name="exportSet for All Pokémon &gt; exportSet( &apos;toxicroak&apos; )" time="0.0019621">
        </testcase>
        <testcase classname="src/lib/pokepaste.spec.ts" name="exportSet for All Pokémon &gt; exportSet( &apos;abomasnow&apos; )" time="0.0019548">
        </testcase>
        <testcase classname="src/lib/pokepaste.spec.ts" name="exportSet for All Pokémon &gt; exportSet( &apos;weavile&apos; )" time="0.0019481">
        </testcase>
        <testcase classname="src/lib/pokepaste.spec.ts" name="exportSet for All Pokémon &gt; exportSet( &apos;rhyperior&apos; )" time="0.001942">
        </testcase>
        <testcase classname="src/lib/pokepaste.spec.ts" name="exportSet for All Pokémon &gt; exportSet( &apos;leafeon&apos; )" time="0.0016829">
        </testcase>
        <testcase classname="src/lib/pokepaste.spec.ts" name="exportSet for All Pokémon &gt; exportSet( &apos;glaceon&apos; )" time="0.0016649">
        </testcase>
        <testcase classname="src/lib/pokepaste.spec.ts" name="exportSet for All Pokémon &gt; exportSet( &apos;gliscor&apos; )" time="0.0016572">
        </testcase>
        <testcase classname="src/lib/pokepaste.spec.ts" name="exportSet for All Pokémon &gt; exportSet( &apos;mamoswine&apos; )" time="0.0016459">
        </testcase>
        <testcase classname="src/lib/pokepaste.spec.ts" name="exportSet for All Pokémon &gt; exportSet( &apos;gallade&apos; )" time="0.0016368">
        </testcase>
        <testcase classname="src/lib/pokepaste.spec.ts" name="exportSet for All Pokémon &gt; exportSet( &apos;froslass&apos; )" time="0.0016531">
        </testcase>
        <testcase classname="src/lib/pokepaste.spec.ts" name="exportSet for All Pokémon &gt; exportSet( &apos;rotom-fan&apos; )" time="0.0016395">
        </testcase>
        <testcase classname="src/lib/pokepaste.spec.ts" name="exportSet for All Pokémon &gt; exportSet( &apos;rotom-frost&apos; )" time="0.0016311">
        </testcase>
        <testcase classname="src/lib/pokepaste.spec.ts" name="exportSet for All Pokémon &gt; exportSet( &apos;rotom-heat&apos; )" time="0.0016245">
        </testcase>
        <testcase classname="src/lib/pokepaste.spec.ts" name="exportSet for All Pokémon &gt; exportSet( &apos;rotom-mow&apos; )" time="0.0016174">
        </testcase>
        <testcase classname="src/lib/pokepaste.spec.ts" name="exportSet for All Pokémon &gt; exportSet( &apos;rotom&apos; )" time="0.001972">
        </testcase>
        <testcase classname="src/lib/pokepaste.spec.ts" name="exportSet for All Pokémon &gt; exportSet( &apos;rotom-wash&apos; )" time="0.0019522">
        </testcase>
        <testcase classname="src/lib/pokepaste.spec.ts" name="exportSet for All Pokémon &gt; exportSet( &apos;serperior&apos; )" time="0.0019444">
        </testcase>
        <testcase classname="src/lib/pokepaste.spec.ts" name="exportSet for All Pokémon &gt; exportSet( &apos;emboar&apos; )" time="0.0019384">
        </testcase>
        <testcase classname="src/lib/pokepaste.spec.ts" name="exportSet for All Pokémon &gt; exportSet( &apos;hisuian-samurott&apos; )" time="0.0019325">
        </testcase>
        <testcase classname="src/lib/pokepaste.spec.ts" name="exportSet for All Pokémon &gt; exportSet( &apos;samurott&apos; )" time="0.0017257">
        </testcase>
        <testcase classname="src/lib/pokepaste.spec.ts" name="exportSet for All Pokémon &gt; exportSet( &apos;watchog&apos; )" time="0.0017134">
        </testcase>
        <testcase classname="src/lib/pokepaste.spec.ts" name="exportSet for All Pokémon &gt; exportSet( &apos;liepard&apos; )" time="0.0017071">
        </testcase>
        <testcase classname="src/lib/pokepaste.spec.ts" name="exportSet for All Pokémon &gt; exportSet( &apos;simisage&apos; )" time="0.0017006">
        </testcase>
        <testcase classname="src/lib/pokepaste.spec.ts" name="exportSet for All Pokémon &gt; exportSet( &apos;simisear&apos; )" time="0.001695">
        </testcase>
        <testcase classname="src/lib/pokepaste.spec.ts" name="exportSet for All Pokémon &gt; exportSet( &apos;simipour&apos; )" time="0.0016081">
        </testcase>
        <testcase classname="src/lib/pokepaste.spec.ts" name="exportSet for All Pokémon &gt; exportSet( &apos;excadrill&apos; )" time="0.0015929">
        </testcase>
        <testcase classname="src/lib/pokepaste.spec.ts" name="exportSet for All Pokémon &gt; exportSet( &apos;audino&apos; )" time="0.0015854">
        </testcase>
        <testcase classname="src/lib/pokepaste.spec.ts" name="exportSet for All Pokémon &gt; exportSet( &apos;conkeldurr&apos; )" time="0.0015784">
        </testcase>
        <testcase classname="src/lib/pokepaste.spec.ts" name="exportSet for All Pokémon &gt; exportSet( &apos;whimsicott&apos; )" time="0.0015715">
        </testcase>
        <testcase classname="src/lib/pokepaste.spec.ts" name="exportSet for All Pokémon &gt; exportSet( &apos;krookodile&apos; )" time="0.0014903">
        </testcase>
        <testcase classname="src/lib/pokepaste.spec.ts" name="exportSet for All Pokémon &gt; exportSet( &apos;cofagrigus&apos; )" time="0.0014786">
        </testcase>
        <testcase classname="src/lib/pokepaste.spec.ts" name="exportSet for All Pokémon &gt; exportSet( &apos;garbodor&apos; )" time="0.001472">
        </testcase>
        <testcase classname="src/lib/pokepaste.spec.ts" name="exportSet for All Pokémon &gt; exportSet( &apos;hisuian-zoroark&apos; )" time="0.0014659">
        </testcase>
        <testcase classname="src/lib/pokepaste.spec.ts" name="exportSet for All Pokémon &gt; exportSet( &apos;zoroark&apos; )" time="0.0014606">
        </testcase>
        <testcase classname="src/lib/pokepaste.spec.ts" name="exportSet for All Pokémon &gt; exportSet( &apos;reuniclus&apos; )" time="0.0016027">
        </testcase>
        <testcase classname="src/lib/pokepaste.spec.ts" name="exportSet for All Pokémon &gt; exportSet( &apos;vanilluxe&apos; )" time="0.0015901">
        </testcase>
        <testcase classname="src/lib/pokepaste.spec.ts" name="exportSet for All Pokémon &gt; exportSet( &apos;emolga&apos; )" time="0.0015833">
        </testcase>
        <testcase classname="src/lib/pokepaste.spec.ts" name="exportSet for All Pokémon &gt; exportSet( &apos;chandelure&apos; )" time="0.0015771">
        </testcase>
        <testcase classname="src/lib/pokepaste.spec.ts" name="exportSet for All Pokémon &gt; exportSet( &apos;beartic&apos; )" time="0.0015711">
        </testcase>
        <testcase classname="src/lib/pokepaste.spec.ts" name="exportSet for All Pokémon &gt; exportSet( &apos;galarian-stunfisk&apos; )" time="0.001848">
        </testcase>
        <testcase classname="src/lib/pokepaste.spec.ts" name="exportSet for All Pokémon &gt; exportSet( &apos;stunfisk&apos; )" time="0.0018365">
        </testcase>
        <testcase classname="src/lib/pokepaste.spec.ts" name="exportSet for All Pokémon &gt; exportSet( &apos;golurk&apos; )" time="0.00183">
        </testcase>
        <testcase classname="src/lib/pokepaste.spec.ts" name="exportSet for All Pokémon &gt; exportSet( &apos;hydreigon&apos; )" time="0.0018239">
        </testcase>
        <testcase classname="src/lib/pokepaste.spec.ts" name="exportSet for All Pokémon &gt; exportSet( &apos;volcarona&apos; )" time="0.0018153">
        </testcase>
        <testcase classname="src/lib/pokepaste.spec.ts" name="exportSet for All Pokémon &gt; exportSet( &apos;chesnaught&apos; )" time="0.0020467">
        </testcase>
        <testcase classname="src/lib/pokepaste.spec.ts" name="exportSet for All Pokémon &gt; exportSet( &apos;delphox&apos; )" time="0.0020351">
        </testcase>
        <testcase classname="src/lib/pokepaste.spec.ts" name="exportSet for All Pokémon &gt; exportSet( &apos;greninja&apos; )" time="0.0020279">
        </testcase>
        <testcase classname="src/lib/pokepaste.spec.ts" name="exportSet for All Pokémon &gt; exportSet( &apos;diggersby&apos; )" time="0.0020165">
        </testcase>
        <testcase classname="src/lib/pokepaste.spec.ts" name="exportSet for All Pokémon &gt; exportSet( &apos;talonflame&apos; )" time="0.0020104">
        </testcase>
        <testcase classname="src/lib/pokepaste.spec.ts" name="exportSet for All Pokémon &gt; exportSet( &apos;vivillon&apos; )" time="0.001796">
        </testcase>
        <testcase classname="src/lib/pokepaste.spec.ts" name="exportSet for All Pokémon &gt; exportSet( &apos;floette&apos; )" time="0.0017836">
        </testcase>
        <testcase classname="src/lib/pokepaste.spec.ts" name="exportSet for All Pokémon &gt; exportSet( &apos;floette-eternal&apos; )" time="0.0017709">
        </testcase>
        <testcase classname="src/lib/pokepaste.spec.ts" name="exportSet for All Pokémon &gt; exportSet( &apos;florges&apos; )" time="0.0017649">
        </testcase>
        <testcase classname="src/lib/pokepaste.spec.ts" name="exportSet for All Pokémon &gt; exportSet( &apos;pangoro&apos; )" time="0.0017592">
        </testcase>
        <testcase classname="src/lib/pokepaste.spec.ts" name="exportSet for All Pokémon &gt; exportSet( &apos;furfrou&apos; )" time="0.001833">
        </testcase>
        <testcase classname="src/lib/pokepaste.spec.ts" name="exportSet for All Pokémon &gt; exportSet( &apos;meowstic-male&apos; )" time="0.0018218">
        </testcase>
        <testcase classname="src/lib/pokepaste.spec.ts" name="exportSet for All Pokémon &gt; exportSet( &apos;meowstic-female&apos; )" time="0.0018148">
        </testcase>
        <testcase classname="src/lib/pokepaste.spec.ts" name="exportSet for All Pokémon &gt; exportSet( &apos;aegislash-shield&apos; )" time="0.0018079">
        </testcase>
        <testcase classname="src/lib/pokepaste.spec.ts" name="exportSet for All Pokémon &gt; exportSet( &apos;aromatisse&apos; )" time="0.0018022">
        </testcase>
        <testcase classname="src/lib/pokepaste.spec.ts" name="exportSet for All Pokémon &gt; exportSet( &apos;slurpuff&apos; )" time="0.0021391">
        </testcase>
        <testcase classname="src/lib/pokepaste.spec.ts" name="exportSet for All Pokémon &gt; exportSet( &apos;clawitzer&apos; )" time="0.0021277">
        </testcase>
        <testcase classname="src/lib/pokepaste.spec.ts" name="exportSet for All Pokémon &gt; exportSet( &apos;heliolisk&apos; )" time="0.0021164">
        </testcase>
        <testcase classname="src/lib/pokepaste.spec.ts" name="exportSet for All Pokémon &gt; exportSet( &apos;tyrantrum&apos; )" time="0.0021112">
        </testcase>
        <testcase classname="src/lib/pokepaste.spec.ts" name="exportSet for All Pokémon &gt; exportSet( &apos;aurorus&apos; )" time="0.0021054">
        </testcase>
        <testcase classname="src/lib/pokepaste.spec.ts" name="exportSet for All Pokémon &gt; exportSet( &apos;sylveon&apos; )" time="0.0018998">
        </testcase>
        <testcase classname="src/lib/pokepaste.spec.ts" name="exportSet for All Pokémon &gt; exportSet( &apos;hawlucha&apos; )" time="0.0018856">
        </testcase>
        <testcase classname="src/lib/pokepaste.spec.ts" name="exportSet for All Pokémon &gt; exportSet( &apos;dedenne&apos; )" time="0.0018781">
        </testcase>
        <testcase classname="src/lib/pokepaste.spec.ts" name="exportSet for All Pokémon &gt; exportSet( &apos;goodra&apos; )" time="0.0018706">
        </testcase>
        <testcase classname="src/lib/pokepaste.spec.ts" name="exportSet for All Pokémon &gt; exportSet( &apos;hisuian-goodra&apos; )" time="0.0018641">
        </testcase>
        <testcase classname="src/lib/pokepaste.spec.ts" name="exportSet for All Pokémon &gt; exportSet( &apos;klefki&apos; )" time="0.0017827">
        </testcase>
        <testcase classname="src/lib/pokepaste.spec.ts" name="exportSet for All Pokémon &gt; exportSet( &apos;trevenant&apos; )" time="0.0017692">
        </testcase>
        <testcase classname="src/lib/pokepaste.spec.ts" name="exportSet for All Pokémon &gt; exportSet( &apos;gourgeist-small&apos; )" time="0.0017571">
        </testcase>
        <testcase classname="src/lib/pokepaste.spec.ts" name="exportSet for All Pokémon &gt; exportSet( &apos;gourgeist-average&apos; )" time="0.0017509">
        </testcase>
        <testcase classname="src/lib/pokepaste.spec.ts" name="exportSet for All Pokémon &gt; exportSet( &apos;gourgeist-large&apos; )" time="0.0017453">
        </testcase>
        <testcase classname="src/lib/pokepaste.spec.ts" name="exportSet for All Pokémon &gt; exportSet( &apos;gourgeist-super&apos; )" time="0.0016378">
        </testcase>
        <testcase classname="src/lib/pokepaste.spec.ts" name="exportSet for All Pokémon &gt; exportSet( &apos;avalugg&apos; )" time="0.0016256">
        </testcase>
        <testcase classname="src/lib/pokepaste.spec.ts" name="exportSet for All Pokémon &gt; exportSet( &apos;hisuian-avalugg&apos; )" time="0.0016187">
        </testcase>
        <testcase classname="src/lib/pokepaste.spec.ts" name="exportSet for All Pokémon &gt; exportSet( &apos;noivern&apos; )" time="0.0016126">
        </testcase>
        <testcase classname="src/lib/pokepaste.spec.ts" name="exportSet for All Pokémon &gt; exportSet( &apos;decidueye&apos; )" time="0.0016071">
        </testcase>
        <testcase classname="src/lib/pokepaste.spec.ts" name="exportSet for All Pokémon &gt; exportSet( &apos;hisuian-decidueye&apos; )" time="0.0018808">
        </testcase>
        <testcase classname="src/lib/pokepaste.spec.ts" name="exportSet for All Pokémon &gt; exportSet( &apos;incineroar&apos; )" time="0.001869">
        </testcase>
        <testcase classname="src/lib/pokepaste.spec.ts" name="exportSet for All Pokémon &gt; exportSet( &apos;primarina&apos; )" time="0.00186">
        </testcase>
        <testcase classname="src/lib/pokepaste.spec.ts" name="exportSet for All Pokémon &gt; exportSet( &apos;toucannon&apos; )" time="0.0018523">
        </testcase>
        <testcase classname="src/lib/pokepaste.spec.ts" name="exportSet for All Pokémon &gt; exportSet( &apos;crabominable&apos; )" time="0.0018454">
        </testcase>
        <testcase classname="src/lib/pokepaste.spec.ts" name="exportSet for All Pokémon &gt; exportSet( &apos;lycanroc-midday&apos; )" time="0.0042688">
        </testcase>
        <testcase classname="src/lib/pokepaste.spec.ts" name="exportSet for All Pokémon &gt; exportSet( &apos;lycanroc-midnight&apos; )" time="0.0042582">
        </testcase>
        <testcase classname="src/lib/pokepaste.spec.ts" name="exportSet for All Pokémon &gt; exportSet( &apos;lycanroc-dusk&apos; )" time="0.0042497">
        </testcase>
        <testcase classname="src/lib/pokepaste.spec.ts" name="exportSet for All Pokémon &gt; exportSet( &apos;toxapex&apos; )" time="0.0042436">
        </testcase>
        <testcase classname="src/lib/pokepaste.spec.ts" name="exportSet for All Pokémon &gt; exportSet( &apos;mudsdale&apos; )" time="0.0042377">
        </testcase>
        <testcase classname="src/lib/pokepaste.spec.ts" name="exportSet for All Pokémon &gt; exportSet( &apos;araquanid&apos; )" time="0.0020858">
        </testcase>
        <testcase classname="src/lib/pokepaste.spec.ts" name="exportSet for All Pokémon &gt; exportSet( &apos;salazzle&apos; )" time="0.0020307">
        </testcase>
        <testcase classname="src/lib/pokepaste.spec.ts" name="exportSet for All Pokémon &gt; exportSet( &apos;tsareena&apos; )" time="0.0020217">
        </testcase>
        <testcase classname="src/lib/pokepaste.spec.ts" name="exportSet for All Pokémon &gt; exportSet( &apos;oranguru&apos; )" time="0.0020141">
        </testcase>
        <testcase classname="src/lib/pokepaste.spec.ts" name="exportSet for All Pokémon &gt; exportSet( &apos;passimian&apos; )" time="0.0019895">
        </testcase>
        <testcase classname="src/lib/pokepaste.spec.ts" name="exportSet for All Pokémon &gt; exportSet( &apos;mimikyu-disguised&apos; )" time="0.0019502">
        </testcase>
        <testcase classname="src/lib/pokepaste.spec.ts" name="exportSet for All Pokémon &gt; exportSet( &apos;drampa&apos; )" time="0.0019388">
        </testcase>
        <testcase classname="src/lib/pokepaste.spec.ts" name="exportSet for All Pokémon &gt; exportSet( &apos;kommo-o&apos; )" time="0.0019327">
        </testcase>
        <testcase classname="src/lib/pokepaste.spec.ts" name="exportSet for All Pokémon &gt; exportSet( &apos;corviknight&apos; )" time="0.0019267">
        </testcase>
        <testcase classname="src/lib/pokepaste.spec.ts" name="exportSet for All Pokémon &gt; exportSet( &apos;flapple&apos; )" time="0.001921">
        </testcase>
        <testcase classname="src/lib/pokepaste.spec.ts" name="exportSet for All Pokémon &gt; exportSet( &apos;appletun&apos; )" time="0.0023429">
        </testcase>
        <testcase classname="src/lib/pokepaste.spec.ts" name="exportSet for All Pokémon &gt; exportSet( &apos;sandaconda&apos; )" time="0.0023295">
        </testcase>
        <testcase classname="src/lib/pokepaste.spec.ts" name="exportSet for All Pokémon &gt; exportSet( &apos;polteageist&apos; )" time="0.0023221">
        </testcase>
        <testcase classname="src/lib/pokepaste.spec.ts" name="exportSet for All Pokémon &gt; exportSet( &apos;hatterene&apos; )" time="0.0023162">
        </testcase>
        <testcase classname="src/lib/pokepaste.spec.ts" name="exportSet for All Pokémon &gt; exportSet( &apos;mr-rime&apos; )" time="0.0023106">
        </testcase>
        <testcase classname="src/lib/pokepaste.spec.ts" name="exportSet for All Pokémon &gt; exportSet( &apos;runerigus&apos; )" time="0.001995">
        </testcase>
        <testcase classname="src/lib/pokepaste.spec.ts" name="exportSet for All Pokémon &gt; exportSet( &apos;alcremie&apos; )" time="0.0019823">
        </testcase>
        <testcase classname="src/lib/pokepaste.spec.ts" name="exportSet for All Pokémon &gt; exportSet( &apos;morpeko-full-belly&apos; )" time="0.0019755">
        </testcase>
        <testcase classname="src/lib/pokepaste.spec.ts" name="exportSet for All Pokémon &gt; exportSet( &apos;dragapult&apos; )" time="0.0019699">
        </testcase>
        <testcase classname="src/lib/pokepaste.spec.ts" name="exportSet for All Pokémon &gt; exportSet( &apos;wyrdeer&apos; )" time="0.0019634">
        </testcase>
        <testcase classname="src/lib/pokepaste.spec.ts" name="exportSet for All Pokémon &gt; exportSet( &apos;kleavor&apos; )" time="0.0020218">
        </testcase>
        <testcase classname="src/lib/pokepaste.spec.ts" name="exportSet for All Pokémon &gt; exportSet( &apos;basculegion-male&apos; )" time="0.002033">
        </testcase>
        <testcase classname="src/lib/pokepaste.spec.ts" name="exportSet for All Pokémon &gt; exportSet( &apos;basculegion-female&apos; )" time="0.0020269">
        </testcase>
        <testcase classname="src/lib/pokepaste.spec.ts" name="exportSet for All Pokémon &gt; exportSet( &apos;sneasler&apos; )" time="0.0020214">
        </testcase>
        <testcase classname="src/lib/pokepaste.spec.ts" name="exportSet for All Pokémon &gt; exportSet( &apos;meowscarada&apos; )" time="0.0020157">
        </testcase>
        <testcase classname="src/lib/pokepaste.spec.ts" name="exportSet for All Pokémon &gt; exportSet( &apos;skeledirge&apos; )" time="0.0020415">
        </testcase>
        <testcase classname="src/lib/pokepaste.spec.ts" name="exportSet for All Pokémon &gt; exportSet( &apos;quaquaval&apos; )" time="0.0020184">
        </testcase>
        <testcase classname="src/lib/pokepaste.spec.ts" name="exportSet for All Pokémon &gt; exportSet( &apos;maushold-family-of-four&apos; )" time="0.0020102">
        </testcase>
        <testcase classname="src/lib/pokepaste.spec.ts" name="exportSet for All Pokémon &gt; exportSet( &apos;garganacl&apos; )" time="0.002004">
        </testcase>
        <testcase classname="src/lib/pokepaste.spec.ts" name="exportSet for All Pokémon &gt; exportSet( &apos;armarouge&apos; )" time="0.0019966">
        </testcase>
        <testcase classname="src/lib/pokepaste.spec.ts" name="exportSet for All Pokémon &gt; exportSet( &apos;ceruledge&apos; )" time="0.0017788">
        </testcase>
        <testcase classname="src/lib/pokepaste.spec.ts" name="exportSet for All Pokémon &gt; exportSet( &apos;bellibolt&apos; )" time="0.0017623">
        </testcase>
        <testcase classname="src/lib/pokepaste.spec.ts" name="exportSet for All Pokémon &gt; exportSet( &apos;scovillain&apos; )" time="0.0017561">
        </testcase>
        <testcase classname="src/lib/pokepaste.spec.ts" name="exportSet for All Pokémon &gt; exportSet( &apos;espathra&apos; )" time="0.0017507">
        </testcase>
        <testcase classname="src/lib/pokepaste.spec.ts" name="exportSet for All Pokémon &gt; exportSet( &apos;tinkaton&apos; )" time="0.0017458">
        </testcase>
        <testcase classname="src/lib/pokepaste.spec.ts" name="exportSet for All Pokémon &gt; exportSet( &apos;palafin-zero&apos; )" time="0.001852">
        </testcase>
        <testcase classname="src/lib/pokepaste.spec.ts" name="exportSet for All Pokémon &gt; exportSet( &apos;orthworm&apos; )" time="0.0018298">
        </testcase>
        <testcase classname="src/lib/pokepaste.spec.ts" name="exportSet for All Pokémon &gt; exportSet( &apos;glimmora&apos; )" time="0.0018231">
        </testcase>
        <testcase classname="src/lib/pokepaste.spec.ts" name="exportSet for All Pokémon &gt; exportSet( &apos;farigiraf&apos; )" time="0.0018173">
        </testcase>
        <testcase classname="src/lib/pokepaste.spec.ts" name="exportSet for All Pokémon &gt; exportSet( &apos;kingambit&apos; )" time="0.0018118">
        </testcase>
        <testcase classname="src/lib/pokepaste.spec.ts" name="exportSet for All Pokémon &gt; exportSet( &apos;sinistcha&apos; )" time="0.0016442">
        </testcase>
        <testcase classname="src/lib/pokepaste.spec.ts" name="exportSet for All Pokémon &gt; exportSet( &apos;archaludon&apos; )" time="0.001633">
        </testcase>
        <testcase classname="src/lib/pokepaste.spec.ts" name="exportSet for All Pokémon &gt; exportSet( &apos;hydrapple&apos; )" time="0.0016193">
        </testcase>
        <testcase classname="src/lib/pokepaste.spec.ts" name="exportSet for All Pokémon &gt; exportSet( &apos;vileplume&apos; )" time="0.0016125">
        </testcase>
        <testcase classname="src/lib/pokepaste.spec.ts" name="exportSet for All Pokémon &gt; exportSet( &apos;qwilfish&apos; )" time="0.0016011">
        </testcase>
        <testcase classname="src/lib/pokepaste.spec.ts" name="exportSet for All Pokémon &gt; exportSet( &apos;sceptile&apos; )" time="0.0019023">
        </testcase>
        <testcase classname="src/lib/pokepaste.spec.ts" name="exportSet for All Pokémon &gt; exportSet( &apos;blaziken&apos; )" time="0.0018925">
        </testcase>
        <testcase classname="src/lib/pokepaste.spec.ts" name="exportSet for All Pokémon &gt; exportSet( &apos;swampert&apos; )" time="0.0018868">
        </testcase>
        <testcase classname="src/lib/pokepaste.spec.ts" name="exportSet for All Pokémon &gt; exportSet( &apos;mawile&apos; )" time="0.0018809">
        </testcase>
        <testcase classname="src/lib/pokepaste.spec.ts" name="exportSet for All Pokémon &gt; exportSet( &apos;metagross&apos; )" time="0.0018753">
        </testcase>
        <testcase classname="src/lib/pokepaste.spec.ts" name="exportSet for All Pokémon &gt; exportSet( &apos;staraptor&apos; )" time="0.0020255">
        </testcase>
        <testcase classname="src/lib/pokepaste.spec.ts" name="exportSet for All Pokémon &gt; exportSet( &apos;musharna&apos; )" time="0.0020154">
        </testcase>
        <testcase classname="src/lib/pokepaste.spec.ts" name="exportSet for All Pokémon &gt; exportSet( &apos;scolipede&apos; )" time="0.0020085">
        </testcase>
        <testcase classname="src/lib/pokepaste.spec.ts" name="exportSet for All Pokémon &gt; exportSet( &apos;scrafty&apos; )" time="0.0020028">
        </testcase>
        <testcase classname="src/lib/pokepaste.spec.ts" name="exportSet for All Pokémon &gt; exportSet( &apos;eelektross&apos; )" time="0.0019969">
        </testcase>
        <testcase classname="src/lib/pokepaste.spec.ts" name="exportSet for All Pokémon &gt; exportSet( &apos;pyroar-male&apos; )" time="0.0018428">
        </testcase>
        <testcase classname="src/lib/pokepaste.spec.ts" name="exportSet for All Pokémon &gt; exportSet( &apos;malamar&apos; )" time="0.0018283">
        </testcase>
        <testcase classname="src/lib/pokepaste.spec.ts" name="exportSet for All Pokémon &gt; exportSet( &apos;barbaracle&apos; )" time="0.0018212">
        </testcase>
        <testcase classname="src/lib/pokepaste.spec.ts" name="exportSet for All Pokémon &gt; exportSet( &apos;dragalge&apos; )" time="0.0018159">
        </testcase>
        <testcase classname="src/lib/pokepaste.spec.ts" name="exportSet for All Pokémon &gt; exportSet( &apos;grimmsnarl&apos; )" time="0.0018105">
        </testcase>
        <testcase classname="src/lib/pokepaste.spec.ts" name="exportSet for All Pokémon &gt; exportSet( &apos;falinks&apos; )" time="0.0016483">
        </testcase>
        <testcase classname="src/lib/pokepaste.spec.ts" name="exportSet for All Pokémon &gt; exportSet( &apos;overqwil&apos; )" time="0.0016367">
        </testcase>
        <testcase classname="src/lib/pokepaste.spec.ts" name="exportSet for All Pokémon &gt; exportSet( &apos;houndstone&apos; )" time="0.0016293">
        </testcase>
        <testcase classname="src/lib/pokepaste.spec.ts" name="exportSet for All Pokémon &gt; exportSet( &apos;annihilape&apos; )" time="0.0016236">
        </testcase>
        <testcase classname="src/lib/pokepaste.spec.ts" name="exportSet for All Pokémon &gt; exportSet( &apos;gholdengo&apos; )" time="0.0016181">
        </testcase>
    </testsuite>
    <testsuite name="src/lib/damage/damage.spec.ts" timestamp="2026-07-27T06:33:09.321Z" hostname="mitama" tests="8" failures="0" errors="0" skipped="0" time="0.029196">
        <testcase classname="src/lib/damage/damage.spec.ts" name="damage engine (wasm) &gt; matches the dissertation Kyogre Water Spout example (84-99)" time="0.0267474">
        </testcase>
        <testcase classname="src/lib/damage/damage.spec.ts" name="damage engine (wasm) &gt; matches the dissertation Mega Rayquaza example (47-56)" time="0.0004635">
        </testcase>
        <testcase classname="src/lib/damage/damage.spec.ts" name="damage engine (wasm) &gt; returns zero damage against an immune type" time="0.0001947">
        </testcase>
        <testcase classname="src/lib/damage/damage.spec.ts" name="modifier resolution &gt; resolves weather modifiers by move type" time="0.0001717">
        </testcase>
        <testcase classname="src/lib/damage/damage.spec.ts" name="modifier resolution &gt; resolves STAB and Adaptability" time="0.0001363">
        </testcase>
        <testcase classname="src/lib/damage/damage.spec.ts" name="modifier resolution &gt; skips screens on crit / infiltrator" time="0.0001496">
        </testcase>
        <testcase classname="src/lib/damage/damage.spec.ts" name="modifier resolution &gt; resolves spread modifier" time="0.0000923">
        </testcase>
        <testcase classname="src/lib/damage/damage.spec.ts" name="analysis &gt; derives percentages and KO info" time="0.0002056">
        </testcase>
    </testsuite>
    <testsuite name="src/lib/sql/engine.test.ts" timestamp="2026-07-27T06:33:09.322Z" hostname="mitama" tests="14" failures="0" errors="0" skipped="0" time="0.0069353">
        <testcase classname="src/lib/sql/engine.test.ts" name="Custom SQL Engine &gt; SELECT * FROM ?" time="0.0020478">
        </testcase>
        <testcase classname="src/lib/sql/engine.test.ts" name="Custom SQL Engine &gt; SELECT column FROM ?" time="0.0007659">
        </testcase>
        <testcase classname="src/lib/sql/engine.test.ts" name="Custom SQL Engine &gt; SELECT column AS alias" time="0.0001744">
        </testcase>
        <testcase classname="src/lib/sql/engine.test.ts" name="Custom SQL Engine &gt; WHERE condition (simple)" time="0.0005978">
        </testcase>
        <testcase classname="src/lib/sql/engine.test.ts" name="Custom SQL Engine &gt; WHERE condition (numeric &gt;)" time="0.0003194">
        </testcase>
        <testcase classname="src/lib/sql/engine.test.ts" name="Custom SQL Engine &gt; WHERE condition (AND)" time="0.0003801">
        </testcase>
        <testcase classname="src/lib/sql/engine.test.ts" name="Custom SQL Engine &gt; WHERE condition (OR)" time="0.0002175">
        </testcase>
        <testcase classname="src/lib/sql/engine.test.ts" name="Custom SQL Engine &gt; ORDER BY ASC" time="0.0003267">
        </testcase>
        <testcase classname="src/lib/sql/engine.test.ts" name="Custom SQL Engine &gt; ORDER BY DESC" time="0.0001961">
        </testcase>
        <testcase classname="src/lib/sql/engine.test.ts" name="Custom SQL Engine &gt; LIMIT" time="0.0001492">
        </testcase>
        <testcase classname="src/lib/sql/engine.test.ts" name="Custom SQL Engine &gt; GROUP BY and COUNT" time="0.0001853">
        </testcase>
        <testcase classname="src/lib/sql/engine.test.ts" name="Custom SQL Engine &gt; GROUP BY and SUM" time="0.000101">
        </testcase>
        <testcase classname="src/lib/sql/engine.test.ts" name="Custom SQL Engine &gt; Global aggregate (no GROUP BY)" time="0.0001838">
        </testcase>
        <testcase classname="src/lib/sql/engine.test.ts" name="Custom SQL Engine &gt; Complex query" time="0.0001875">
        </testcase>
    </testsuite>
    <testsuite name="src/store/battle-record/analytics.spec.ts" timestamp="2026-07-27T06:33:09.323Z" hostname="mitama" tests="8" failures="0" errors="0" skipped="0" time="0.0050351">
        <testcase classname="src/store/battle-record/analytics.spec.ts" name="tally &gt; returns an all-zero tally for no records" time="0.0013298">
        </testcase>
        <testcase classname="src/store/battle-record/analytics.spec.ts" name="tally &gt; counts wins, losses and draws" time="0.0011622">
        </testcase>
        <testcase classname="src/store/battle-record/analytics.spec.ts" name="tally &gt; includes draws in the win-rate denominator" time="0.0001681">
        </testcase>
        <testcase classname="src/store/battle-record/analytics.spec.ts" name="opponentStats &gt; aggregates per opponent species and sorts by battle count" time="0.0003572">
        </testcase>
        <testcase classname="src/store/battle-record/analytics.spec.ts" name="opponentStats &gt; counts a species once per battle even if duplicated" time="0.0005765">
        </testcase>
        <testcase classname="src/store/battle-record/analytics.spec.ts" name="opponentStats &gt; returns an empty array for no records" time="0.0001279">
        </testcase>
        <testcase classname="src/store/battle-record/analytics.spec.ts" name="winRatePercent &gt; returns a rounded integer percentage" time="0.0001197">
        </testcase>
        <testcase classname="src/store/battle-record/analytics.spec.ts" name="winRatePercent &gt; returns null when there are no battles" time="0.0000849">
        </testcase>
    </testsuite>
    <testsuite name="src/store/battle-record/battleRecord.spec.ts" timestamp="2026-07-27T06:33:09.324Z" hostname="mitama" tests="21" failures="0" errors="0" skipped="0" time="0.0105635">
        <testcase classname="src/store/battle-record/battleRecord.spec.ts" name="seasonInputSchema &gt; accepts a minimal valid season" time="0.0024927">
        </testcase>
        <testcase classname="src/store/battle-record/battleRecord.spec.ts" name="seasonInputSchema &gt; accepts a full valid season" time="0.0003903">
        </testcase>
        <testcase classname="src/store/battle-record/battleRecord.spec.ts" name="seasonInputSchema &gt; rejects an invalid format" time="0.0005051">
        </testcase>
        <testcase classname="src/store/battle-record/battleRecord.spec.ts" name="seasonInputSchema &gt; rejects an empty name" time="0.0002412">
        </testcase>
        <testcase classname="src/store/battle-record/battleRecord.spec.ts" name="seasonInputSchema &gt; rejects a name longer than 100 chars" time="0.0001806">
        </testcase>
        <testcase classname="src/store/battle-record/battleRecord.spec.ts" name="seasonInputSchema &gt; rejects a malformed date" time="0.0001839">
        </testcase>
        <testcase classname="src/store/battle-record/battleRecord.spec.ts" name="seasonUpdateSchema &gt; accepts an empty partial update" time="0.0004874">
        </testcase>
        <testcase classname="src/store/battle-record/battleRecord.spec.ts" name="seasonUpdateSchema &gt; accepts a single-field update" time="0.0001025">
        </testcase>
        <testcase classname="src/store/battle-record/battleRecord.spec.ts" name="seasonUpdateSchema &gt; still validates the provided field" time="0.0001725">
        </testcase>
        <testcase classname="src/store/battle-record/battleRecord.spec.ts" name="opponentInputSchema &gt; accepts a minimal opponent (slug only)" time="0.0005003">
        </testcase>
        <testcase classname="src/store/battle-record/battleRecord.spec.ts" name="opponentInputSchema &gt; rejects slotIndex out of range" time="0.0001598">
        </testcase>
        <testcase classname="src/store/battle-record/battleRecord.spec.ts" name="opponentInputSchema &gt; rejects an invalid selectionRole" time="0.0001201">
        </testcase>
        <testcase classname="src/store/battle-record/battleRecord.spec.ts" name="battleRecordInputSchema &gt; accepts a valid record" time="0.0007529">
        </testcase>
        <testcase classname="src/store/battle-record/battleRecord.spec.ts" name="battleRecordInputSchema &gt; accepts an optional ISO playedAt" time="0.0004156">
        </testcase>
        <testcase classname="src/store/battle-record/battleRecord.spec.ts" name="battleRecordInputSchema &gt; rejects an invalid result" time="0.000208">
        </testcase>
        <testcase classname="src/store/battle-record/battleRecord.spec.ts" name="battleRecordInputSchema &gt; rejects more than 6 team members" time="0.0002119">
        </testcase>
        <testcase classname="src/store/battle-record/battleRecord.spec.ts" name="battleRecordInputSchema &gt; rejects duplicate opponent slotIndex" time="0.000209">
        </testcase>
        <testcase classname="src/store/battle-record/battleRecord.spec.ts" name="battleRecordInputSchema &gt; rejects mySelection index out of range" time="0.0001965">
        </testcase>
        <testcase classname="src/store/battle-record/battleRecord.spec.ts" name="battleRecordUpdateSchema &gt; accepts an empty partial update" time="0.0004716">
        </testcase>
        <testcase classname="src/store/battle-record/battleRecord.spec.ts" name="battleRecordUpdateSchema &gt; accepts a result-only update" time="0.0001088">
        </testcase>
        <testcase classname="src/store/battle-record/battleRecord.spec.ts" name="battleRecordUpdateSchema &gt; omits seasonId (immutable)" time="0.0004492">
        </testcase>
    </testsuite>
    <testsuite name="src/components/client/battle-record/battleRecordList.logic.test.ts" timestamp="2026-07-27T06:33:09.326Z" hostname="mitama" tests="8" failures="0" errors="0" skipped="0" time="0.0038913">
        <testcase classname="src/components/client/battle-record/battleRecordList.logic.test.ts" name="resolveMyTeamDisplay &gt; mySelection が null の場合は全員のスラグを返し selectedIndices は null" time="0.0013515">
        </testcase>
        <testcase classname="src/components/client/battle-record/battleRecordList.logic.test.ts" name="resolveMyTeamDisplay &gt; mySelection が空配列の場合は全員選出扱い（selectedIndices は null）" time="0.0001268">
        </testcase>
        <testcase classname="src/components/client/battle-record/battleRecordList.logic.test.ts" name="resolveMyTeamDisplay &gt; mySelection に値がある場合は対応するインデックスのセットを返す" time="0.000573">
        </testcase>
        <testcase classname="src/components/client/battle-record/battleRecordList.logic.test.ts" name="resolveMyTeamDisplay &gt; 選出外のインデックスは selectedIndices に含まれない" time="0.0001984">
        </testcase>
        <testcase classname="src/components/client/battle-record/battleRecordList.logic.test.ts" name="resolveOpponentDisplay &gt; 全員 selectionRole null の場合は selectedIndices は null（全員選出扱い）" time="0.0002544">
        </testcase>
        <testcase classname="src/components/client/battle-record/battleRecordList.logic.test.ts" name="resolveOpponentDisplay &gt; selectionRole がある場合はそのインデックスだけ selectedIndices に入る" time="0.0001594">
        </testcase>
        <testcase classname="src/components/client/battle-record/battleRecordList.logic.test.ts" name="resolveOpponentDisplay &gt; slotIndex 順にソートされて返る" time="0.0000924">
        </testcase>
        <testcase classname="src/components/client/battle-record/battleRecordList.logic.test.ts" name="resolveOpponentDisplay &gt; opponents が空の場合は空配列と null を返す" time="0.000081">
        </testcase>
    </testsuite>
    <testsuite name="src/components/client/battle-record/formState.spec.ts" timestamp="2026-07-27T06:33:09.327Z" hostname="mitama" tests="8" failures="0" errors="0" skipped="0" time="0.0040242">
        <testcase classname="src/components/client/battle-record/formState.spec.ts" name="emptyDraft &gt; defaults to a win with now-filled playedAt and no opponents" time="0.0015205">
        </testcase>
        <testcase classname="src/components/client/battle-record/formState.spec.ts" name="emptyDraft &gt; pre-fills team id and members" time="0.0001371">
        </testcase>
        <testcase classname="src/components/client/battle-record/formState.spec.ts" name="draftToInput &gt; maps a filled draft to API input" time="0.0003749">
        </testcase>
        <testcase classname="src/components/client/battle-record/formState.spec.ts" name="draftToInput &gt; normalizes empty collections and strings to null" time="0.0001379">
        </testcase>
        <testcase classname="src/components/client/battle-record/formState.spec.ts" name="draftToInput &gt; ignores non-numeric rating" time="0.0000977">
        </testcase>
        <testcase classname="src/components/client/battle-record/formState.spec.ts" name="draftToInput &gt; re-indexes opponent slotIndex by array position" time="0.00012">
        </testcase>
        <testcase classname="src/components/client/battle-record/formState.spec.ts" name="draftFromRecord &gt; hydrates a draft, splitting leads by format" time="0.0004847">
        </testcase>
        <testcase classname="src/components/client/battle-record/formState.spec.ts" name="draftFromRecord &gt; round-trips selection through draftToInput" time="0.0001369">
        </testcase>
    </testsuite>
    <testsuite name="src/components/client/battle-record/selection.spec.ts" timestamp="2026-07-27T06:33:09.327Z" hostname="mitama" tests="15" failures="0" errors="0" skipped="0" time="0.004603">
        <testcase classname="src/components/client/battle-record/selection.spec.ts" name="selectionLimits &gt; doubles: maxBack=4, leadCount=2" time="0.0015063">
        </testcase>
        <testcase classname="src/components/client/battle-record/selection.spec.ts" name="selectionLimits &gt; singles: maxBack=3, leadCount=1" time="0.0001778">
        </testcase>
        <testcase classname="src/components/client/battle-record/selection.spec.ts" name="cycleMember &gt; cycles unused -&gt; back -&gt; lead -&gt; unused" time="0.000412">
        </testcase>
        <testcase classname="src/components/client/battle-record/selection.spec.ts" name="cycleMember &gt; does not add more than maxBack" time="0.0001497">
        </testcase>
        <testcase classname="src/components/client/battle-record/selection.spec.ts" name="cycleMember &gt; removes from selection when leads are full (back with no lead room)" time="0.0001537">
        </testcase>
        <testcase classname="src/components/client/battle-record/selection.spec.ts" name="backCount &gt; counts leads and backs together" time="0.0001351">
        </testcase>
        <testcase classname="src/components/client/battle-record/selection.spec.ts" name="backCount &gt; returns 0 for empty selection" time="0.0000726">
        </testcase>
        <testcase classname="src/components/client/battle-record/selection.spec.ts" name="selectionToIndices / selectionFromIndices &gt; serializes leads before backs" time="0.0001088">
        </testcase>
        <testcase classname="src/components/client/battle-record/selection.spec.ts" name="selectionToIndices / selectionFromIndices &gt; returns null for empty selection" time="0.0000895">
        </testcase>
        <testcase classname="src/components/client/battle-record/selection.spec.ts" name="selectionToIndices / selectionFromIndices &gt; round-trips through indices for doubles" time="0.0001606">
        </testcase>
        <testcase classname="src/components/client/battle-record/selection.spec.ts" name="selectionToIndices / selectionFromIndices &gt; splits leadCount leads for singles" time="0.0001247">
        </testcase>
        <testcase classname="src/components/client/battle-record/selection.spec.ts" name="selectionToIndices / selectionFromIndices &gt; returns empty for null indices" time="0.0000838">
        </testcase>
        <testcase classname="src/components/client/battle-record/selection.spec.ts" name="cycleOpponentRole &gt; cycles null -&gt; back -&gt; lead -&gt; null" time="0.0001497">
        </testcase>
        <testcase classname="src/components/client/battle-record/selection.spec.ts" name="cycleOpponentRole &gt; does not add beyond maxBack" time="0.0000458">
        </testcase>
        <testcase classname="src/components/client/battle-record/selection.spec.ts" name="cycleOpponentRole &gt; removes from selection when leads are full instead of promoting" time="0.0000449">
        </testcase>
    </testsuite>
    <testsuite name="src/components/client/damage-calc/useDamageCalcPage.spec.ts" timestamp="2026-07-27T06:33:09.329Z" hostname="mitama" tests="18" failures="0" errors="0" skipped="0" time="0.0062077">
        <testcase classname="src/components/client/damage-calc/useDamageCalcPage.spec.ts" name="DamageCalcPage — modifier resolution &gt; resolves STAB for Incineroar using Flare Blitz" time="0.0010066">
        </testcase>
        <testcase classname="src/components/client/damage-calc/useDamageCalcPage.spec.ts" name="DamageCalcPage — modifier resolution &gt; resolves no STAB for Incineroar using U-turn" time="0.0001278">
        </testcase>
        <testcase classname="src/components/client/damage-calc/useDamageCalcPage.spec.ts" name="DamageCalcPage — modifier resolution &gt; resolves weather boost for rain + Water move" time="0.0001142">
        </testcase>
        <testcase classname="src/components/client/damage-calc/useDamageCalcPage.spec.ts" name="DamageCalcPage — modifier resolution &gt; resolves weather penalty for rain + Fire move" time="0.0000694">
        </testcase>
        <testcase classname="src/components/client/damage-calc/useDamageCalcPage.spec.ts" name="DamageCalcPage — modifier resolution &gt; resolves screen in doubles (Reflect, physical)" time="0.0001376">
        </testcase>
        <testcase classname="src/components/client/damage-calc/useDamageCalcPage.spec.ts" name="DamageCalcPage — modifier resolution &gt; screen is neutral when crit" time="0.000081">
        </testcase>
        <testcase classname="src/components/client/damage-calc/useDamageCalcPage.spec.ts" name="DamageCalcPage — modifier resolution &gt; resolves spread modifier for doubles" time="0.0000875">
        </testcase>
        <testcase classname="src/components/client/damage-calc/useDamageCalcPage.spec.ts" name="DamageCalcPage — modifier resolution &gt; correctly identifies physical category" time="0.0001135">
        </testcase>
        <testcase classname="src/components/client/damage-calc/useDamageCalcPage.spec.ts" name="DamageCalcPage — stat resolution &gt; correctly resolves Incineroar physical attack (no EV, no nature)" time="0.000111">
        </testcase>
        <testcase classname="src/components/client/damage-calc/useDamageCalcPage.spec.ts" name="DamageCalcPage — stat resolution &gt; correctly resolves Incineroar physical attack with max EV" time="0.0001476">
        </testcase>
        <testcase classname="src/components/client/damage-calc/useDamageCalcPage.spec.ts" name="DamageCalcPage — stat resolution &gt; correctly resolves defender HP" time="0.0000738">
        </testcase>
        <testcase classname="src/components/client/damage-calc/useDamageCalcPage.spec.ts" name="DamageCalcPage — stat resolution &gt; correctly resolves defender HP with max EV" time="0.0000544">
        </testcase>
        <testcase classname="src/components/client/damage-calc/useDamageCalcPage.spec.ts" name="DamageCalcPage — move data correctness &gt; Flare Blitz is physical Fire with power &gt; 0" time="0.0000703">
        </testcase>
        <testcase classname="src/components/client/damage-calc/useDamageCalcPage.spec.ts" name="DamageCalcPage — move data correctness &gt; Moonblast is special Fairy with power &gt; 0" time="0.000075">
        </testcase>
        <testcase classname="src/components/client/damage-calc/useDamageCalcPage.spec.ts" name="DamageCalcPage — move data correctness &gt; Protect is status (should be excluded from calc)" time="0.0000495">
        </testcase>
        <testcase classname="src/components/client/damage-calc/useDamageCalcPage.spec.ts" name="damageCalc translation keys — EN/JA completeness &gt; EN and JA have the same keys" time="0.0005894">
        </testcase>
        <testcase classname="src/components/client/damage-calc/useDamageCalcPage.spec.ts" name="damageCalc translation keys — EN/JA completeness &gt; all keys have non-empty values in EN" time="0.0011965">
        </testcase>
        <testcase classname="src/components/client/damage-calc/useDamageCalcPage.spec.ts" name="damageCalc translation keys — EN/JA completeness &gt; all keys have non-empty values in JA" time="0.0010312">
        </testcase>
    </testsuite>
    <testsuite name="src/components/common/queryable-autocomplete/queryableAutocomplete.spec.ts" timestamp="2026-07-27T06:33:09.330Z" hostname="mitama" tests="21" failures="0" errors="0" skipped="0" time="0.0047071">
        <testcase classname="src/components/common/queryable-autocomplete/queryableAutocomplete.spec.ts" name="parseQueryInput &gt; treats plain text as text mode" time="0.001313">
        </testcase>
        <testcase classname="src/components/common/queryable-autocomplete/queryableAutocomplete.spec.ts" name="parseQueryInput &gt; treats a bare @ as field-key mode" time="0.0002123">
        </testcase>
        <testcase classname="src/components/common/queryable-autocomplete/queryableAutocomplete.spec.ts" name="parseQueryInput &gt; treats a known key with a colon as field-value mode" time="0.0001368">
        </testcase>
        <testcase classname="src/components/common/queryable-autocomplete/queryableAutocomplete.spec.ts" name="parseQueryInput &gt; falls back to field-key mode for an unknown key" time="0.0001023">
        </testcase>
        <testcase classname="src/components/common/queryable-autocomplete/queryableAutocomplete.spec.ts" name="buildQuerySuggestions &gt; produces no suggestions for plain text (results filter live)" time="0.0001904">
        </testcase>
        <testcase classname="src/components/common/queryable-autocomplete/queryableAutocomplete.spec.ts" name="buildQuerySuggestions &gt; suggests field keys after @" time="0.0001271">
        </testcase>
        <testcase classname="src/components/common/queryable-autocomplete/queryableAutocomplete.spec.ts" name="buildQuerySuggestions &gt; filters field keys by the typed prefix" time="0.0000824">
        </testcase>
        <testcase classname="src/components/common/queryable-autocomplete/queryableAutocomplete.spec.ts" name="buildQuerySuggestions &gt; suggests every value right after the separator" time="0.0001085">
        </testcase>
        <testcase classname="src/components/common/queryable-autocomplete/queryableAutocomplete.spec.ts" name="buildQuerySuggestions &gt; prefix-matches values (so @type:fi offers both fire and fighting)" time="0.0002162">
        </testcase>
        <testcase classname="src/components/common/queryable-autocomplete/queryableAutocomplete.spec.ts" name="isCommittableInput / toQueryTokenString &gt; commits non-empty plain text" time="0.0001624">
        </testcase>
        <testcase classname="src/components/common/queryable-autocomplete/queryableAutocomplete.spec.ts" name="isCommittableInput / toQueryTokenString &gt; rejects empty text and bare field keys" time="0.0001003">
        </testcase>
        <testcase classname="src/components/common/queryable-autocomplete/queryableAutocomplete.spec.ts" name="isCommittableInput / toQueryTokenString &gt; commits only an exact field value, not a partial prefix" time="0.0000695">
        </testcase>
        <testcase classname="src/components/common/queryable-autocomplete/queryableAutocomplete.spec.ts" name="parseQueryToken &gt; parses a committed field chip" time="0.0000939">
        </testcase>
        <testcase classname="src/components/common/queryable-autocomplete/queryableAutocomplete.spec.ts" name="parseQueryToken &gt; parses plain text and unknown queries as text" time="0.0000885">
        </testcase>
        <testcase classname="src/components/common/queryable-autocomplete/queryableAutocomplete.spec.ts" name="queryTokenLabel &gt; labels a field chip with its human-readable parts" time="0.0000858">
        </testcase>
        <testcase classname="src/components/common/queryable-autocomplete/queryableAutocomplete.spec.ts" name="queryTokenLabel &gt; labels a text chip with the raw text" time="0.0000695">
        </testcase>
        <testcase classname="src/components/common/queryable-autocomplete/queryableAutocomplete.spec.ts" name="resolveActiveQueryTokens &gt; combines committed chips with the live plain-text input" time="0.0001122">
        </testcase>
        <testcase classname="src/components/common/queryable-autocomplete/queryableAutocomplete.spec.ts" name="resolveActiveQueryTokens &gt; ignores an in-progress field query in the input" time="0.0000691">
        </testcase>
        <testcase classname="src/components/common/queryable-autocomplete/queryableAutocomplete.spec.ts" name="matchesQueryTokens &gt; matches a field token exactly (fire does not match fighting)" time="0.0000971">
        </testcase>
        <testcase classname="src/components/common/queryable-autocomplete/queryableAutocomplete.spec.ts" name="matchesQueryTokens &gt; matches plain text as a case-insensitive substring" time="0.0000503">
        </testcase>
        <testcase classname="src/components/common/queryable-autocomplete/queryableAutocomplete.spec.ts" name="matchesQueryTokens &gt; applies multiple tokens as an AND filter" time="0.0000471">
        </testcase>
    </testsuite>
    <testsuite name="src/components/client/share/share.spec.ts" timestamp="2026-07-27T06:33:09.331Z" hostname="mitama" tests="40" failures="0" errors="0" skipped="0" time="0.006117">
        <testcase classname="src/components/client/share/share.spec.ts" name="snapshotSchema — バリデーション &gt; 有効なスナップショットは成功する" time="0.0014215">
        </testcase>
        <testcase classname="src/components/client/share/share.spec.ts" name="snapshotSchema — バリデーション &gt; members が 6 未満だと失敗する" time="0.0004762">
        </testcase>
        <testcase classname="src/components/client/share/share.spec.ts" name="snapshotSchema — バリデーション &gt; members が 6 超だと失敗する" time="0.0001724">
        </testcase>
        <testcase classname="src/components/client/share/share.spec.ts" name="snapshotSchema — バリデーション &gt; teamName が空文字だと失敗する" time="0.0001571">
        </testcase>
        <testcase classname="src/components/client/share/share.spec.ts" name="snapshotSchema — バリデーション &gt; teamName が 101 文字だと失敗する" time="0.0001493">
        </testcase>
        <testcase classname="src/components/client/share/share.spec.ts" name="snapshotSchema — バリデーション &gt; teamName が 100 文字は成功する" time="0.0000974">
        </testcase>
        <testcase classname="src/components/client/share/share.spec.ts" name="snapshotSchema — バリデーション &gt; members に TrainedPokemon ライクなオブジェクトを含んでも成功する" time="0.0002343">
        </testcase>
        <testcase classname="src/components/client/share/share.spec.ts" name="calcStat — ステータス実数値計算 &gt; HP は calcHp を使う (base=95, ev=0 → 170)" time="0.0001164">
        </testcase>
        <testcase classname="src/components/client/share/share.spec.ts" name="calcStat — ステータス実数値計算 &gt; HP は EV 分加算される (base=95, ev=4 → 174)" time="0.0000898">
        </testcase>
        <testcase classname="src/components/client/share/share.spec.ts" name="calcStat — ステータス実数値計算 &gt; HP に性格補正は乗らない（plus/minus が hp でも値が変わらない）" time="0.0000965">
        </testcase>
        <testcase classname="src/components/client/share/share.spec.ts" name="calcStat — ステータス実数値計算 &gt; 性格補正なし: calcStatus(base, ev, 1.0) と一致する" time="0.0000786">
        </testcase>
        <testcase classname="src/components/client/share/share.spec.ts" name="calcStat — ステータス実数値計算 &gt; 上昇補正: atk+ の場合 ×1.1 (base=130, ev=4)" time="0.0000934">
        </testcase>
        <testcase classname="src/components/client/share/share.spec.ts" name="calcStat — ステータス実数値計算 &gt; 下降補正: atk- の場合 ×0.9 (base=130, ev=4)" time="0.0000647">
        </testcase>
        <testcase classname="src/components/client/share/share.spec.ts" name="calcStat — ステータス実数値計算 &gt; plus と minus が異なるとき、plus のステータスだけ赤色になる" time="0.0000806">
        </testcase>
        <testcase classname="src/components/client/share/share.spec.ts" name="calcStat — ステータス実数値計算 &gt; HP には常に color が undefined" time="0.0000394">
        </testcase>
        <testcase classname="src/components/client/share/share.spec.ts" name="calcStat — EV 0/最大の境界値 &gt; EV=0 と EV=32 の差が base 依存で正しい" time="0.0000459">
        </testcase>
        <testcase classname="src/components/client/share/share.spec.ts" name="翻訳キー — share.* が EN/JA 両方に存在し空でない &gt; EN: share セクションが存在する" time="0.0000463">
        </testcase>
        <testcase classname="src/components/client/share/share.spec.ts" name="翻訳キー — share.* が EN/JA 両方に存在し空でない &gt; JA: share セクションが存在する" time="0.0000456">
        </testcase>
        <testcase classname="src/components/client/share/share.spec.ts" name="翻訳キー — share.* が EN/JA 両方に存在し空でない &gt; EN: share.pageTitle が存在し空でない" time="0.0004987">
        </testcase>
        <testcase classname="src/components/client/share/share.spec.ts" name="翻訳キー — share.* が EN/JA 両方に存在し空でない &gt; EN: share.copyLink が存在し空でない" time="0.0000731">
        </testcase>
        <testcase classname="src/components/client/share/share.spec.ts" name="翻訳キー — share.* が EN/JA 両方に存在し空でない &gt; EN: share.linkCopied が存在し空でない" time="0.000041">
        </testcase>
        <testcase classname="src/components/client/share/share.spec.ts" name="翻訳キー — share.* が EN/JA 両方に存在し空でない &gt; EN: share.notFound が存在し空でない" time="0.0000346">
        </testcase>
        <testcase classname="src/components/client/share/share.spec.ts" name="翻訳キー — share.* が EN/JA 両方に存在し空でない &gt; EN: share.notFoundDescription が存在し空でない" time="0.0000347">
        </testcase>
        <testcase classname="src/components/client/share/share.spec.ts" name="翻訳キー — share.* が EN/JA 両方に存在し空でない &gt; EN: share.memberCount が存在し空でない" time="0.0000709">
        </testcase>
        <testcase classname="src/components/client/share/share.spec.ts" name="翻訳キー — share.* が EN/JA 両方に存在し空でない &gt; EN: share.createdAt が存在し空でない" time="0.0001211">
        </testcase>
        <testcase classname="src/components/client/share/share.spec.ts" name="翻訳キー — share.* が EN/JA 両方に存在し空でない &gt; EN: share.shareTeam が存在し空でない" time="0.0000666">
        </testcase>
        <testcase classname="src/components/client/share/share.spec.ts" name="翻訳キー — share.* が EN/JA 両方に存在し空でない &gt; EN: share.sharing が存在し空でない" time="0.0000406">
        </testcase>
        <testcase classname="src/components/client/share/share.spec.ts" name="翻訳キー — share.* が EN/JA 両方に存在し空でない &gt; EN: share.shareSuccess が存在し空でない" time="0.0000383">
        </testcase>
        <testcase classname="src/components/client/share/share.spec.ts" name="翻訳キー — share.* が EN/JA 両方に存在し空でない &gt; EN: share.shareError が存在し空でない" time="0.0000408">
        </testcase>
        <testcase classname="src/components/client/share/share.spec.ts" name="翻訳キー — share.* が EN/JA 両方に存在し空でない &gt; JA: share.pageTitle が存在し空でない" time="0.0000668">
        </testcase>
        <testcase classname="src/components/client/share/share.spec.ts" name="翻訳キー — share.* が EN/JA 両方に存在し空でない &gt; JA: share.copyLink が存在し空でない" time="0.000034">
        </testcase>
        <testcase classname="src/components/client/share/share.spec.ts" name="翻訳キー — share.* が EN/JA 両方に存在し空でない &gt; JA: share.linkCopied が存在し空でない" time="0.0000332">
        </testcase>
        <testcase classname="src/components/client/share/share.spec.ts" name="翻訳キー — share.* が EN/JA 両方に存在し空でない &gt; JA: share.notFound が存在し空でない" time="0.0000313">
        </testcase>
        <testcase classname="src/components/client/share/share.spec.ts" name="翻訳キー — share.* が EN/JA 両方に存在し空でない &gt; JA: share.notFoundDescription が存在し空でない" time="0.0000326">
        </testcase>
        <testcase classname="src/components/client/share/share.spec.ts" name="翻訳キー — share.* が EN/JA 両方に存在し空でない &gt; JA: share.memberCount が存在し空でない" time="0.0000318">
        </testcase>
        <testcase classname="src/components/client/share/share.spec.ts" name="翻訳キー — share.* が EN/JA 両方に存在し空でない &gt; JA: share.createdAt が存在し空でない" time="0.0000332">
        </testcase>
        <testcase classname="src/components/client/share/share.spec.ts" name="翻訳キー — share.* が EN/JA 両方に存在し空でない &gt; JA: share.shareTeam が存在し空でない" time="0.000033">
        </testcase>
        <testcase classname="src/components/client/share/share.spec.ts" name="翻訳キー — share.* が EN/JA 両方に存在し空でない &gt; JA: share.sharing が存在し空でない" time="0.0000432">
        </testcase>
        <testcase classname="src/components/client/share/share.spec.ts" name="翻訳キー — share.* が EN/JA 両方に存在し空でない &gt; JA: share.shareSuccess が存在し空でない" time="0.0000414">
        </testcase>
        <testcase classname="src/components/client/share/share.spec.ts" name="翻訳キー — share.* が EN/JA 両方に存在し空でない &gt; JA: share.shareError が存在し空でない" time="0.0000399">
        </testcase>
    </testsuite>
    <testsuite name="src/components/client/team-builder/MovesDrawer.spec.ts" timestamp="2026-07-27T06:33:09.334Z" hostname="mitama" tests="1072" failures="0" errors="0" skipped="0" time="0.0739254">
        <testcase classname="src/components/client/team-builder/MovesDrawer.spec.ts" name="MovesDrawer — 採用率100%時に技名が省略されないこと (sm〜lg 全ブレークポイント) &gt; EN: &apos;pound&apos; の技名が translation.json に存在し空でない" time="0.0022764">
        </testcase>
        <testcase classname="src/components/client/team-builder/MovesDrawer.spec.ts" name="MovesDrawer — 採用率100%時に技名が省略されないこと (sm〜lg 全ブレークポイント) &gt; EN: &apos;fire-punch&apos; の技名が translation.json に存在し空でない" time="0.0019679">
        </testcase>
        <testcase classname="src/components/client/team-builder/MovesDrawer.spec.ts" name="MovesDrawer — 採用率100%時に技名が省略されないこと (sm〜lg 全ブレークポイント) &gt; EN: &apos;ice-punch&apos; の技名が translation.json に存在し空でない" time="0.0019409">
        </testcase>
        <testcase classname="src/components/client/team-builder/MovesDrawer.spec.ts" name="MovesDrawer — 採用率100%時に技名が省略されないこと (sm〜lg 全ブレークポイント) &gt; EN: &apos;thunder-punch&apos; の技名が translation.json に存在し空でない" time="0.0019254">
        </testcase>
        <testcase classname="src/components/client/team-builder/MovesDrawer.spec.ts" name="MovesDrawer — 採用率100%時に技名が省略されないこと (sm〜lg 全ブレークポイント) &gt; EN: &apos;guillotine&apos; の技名が translation.json に存在し空でない" time="0.0019135">
        </testcase>
        <testcase classname="src/components/client/team-builder/MovesDrawer.spec.ts" name="MovesDrawer — 採用率100%時に技名が省略されないこと (sm〜lg 全ブレークポイント) &gt; EN: &apos;swords-dance&apos; の技名が translation.json に存在し空でない" time="0.0009383">
        </testcase>
        <testcase classname="src/components/client/team-builder/MovesDrawer.spec.ts" name="MovesDrawer — 採用率100%時に技名が省略されないこと (sm〜lg 全ブレークポイント) &gt; EN: &apos;cut&apos; の技名が translation.json に存在し空でない" time="0.0009102">
        </testcase>
        <testcase classname="src/components/client/team-builder/MovesDrawer.spec.ts" name="MovesDrawer — 採用率100%時に技名が省略されないこと (sm〜lg 全ブレークポイント) &gt; EN: &apos;whirlwind&apos; の技名が translation.json に存在し空でない" time="0.0008923">
        </testcase>
        <testcase classname="src/components/client/team-builder/MovesDrawer.spec.ts" name="MovesDrawer — 採用率100%時に技名が省略されないこと (sm〜lg 全ブレークポイント) &gt; EN: &apos;fly&apos; の技名が translation.json に存在し空でない" time="0.0008791">
        </testcase>
        <testcase classname="src/components/client/team-builder/MovesDrawer.spec.ts" name="MovesDrawer — 採用率100%時に技名が省略されないこと (sm〜lg 全ブレークポイント) &gt; EN: &apos;bind&apos; の技名が translation.json に存在し空でない" time="0.0008599">
        </testcase>
        <testcase classname="src/components/client/team-builder/MovesDrawer.spec.ts" name="MovesDrawer — 採用率100%時に技名が省略されないこと (sm〜lg 全ブレークポイント) &gt; EN: &apos;mega-kick&apos; の技名が translation.json に存在し空でない" time="0.0004855">
        </testcase>
        <testcase classname="src/components/client/team-builder/MovesDrawer.spec.ts" name="MovesDrawer — 採用率100%時に技名が省略されないこと (sm〜lg 全ブレークポイント) &gt; EN: &apos;horn-drill&apos; の技名が translation.json に存在し空でない" time="0.000465">
        </testcase>
        <testcase classname="src/components/client/team-builder/MovesDrawer.spec.ts" name="MovesDrawer — 採用率100%時に技名が省略されないこと (sm〜lg 全ブレークポイント) &gt; EN: &apos;tackle&apos; の技名が translation.json に存在し空でない" time="0.0004561">
        </testcase>
        <testcase classname="src/components/client/team-builder/MovesDrawer.spec.ts" name="MovesDrawer — 採用率100%時に技名が省略されないこと (sm〜lg 全ブレークポイント) &gt; EN: &apos;body-slam&apos; の技名が translation.json に存在し空でない" time="0.0004495">
        </testcase>
        <testcase classname="src/components/client/team-builder/MovesDrawer.spec.ts" name="MovesDrawer — 採用率100%時に技名が省略されないこと (sm〜lg 全ブレークポイント) &gt; EN: &apos;wrap&apos; の技名が translation.json に存在し空でない" time="0.0004436">
        </testcase>
        <testcase classname="src/components/client/team-builder/MovesDrawer.spec.ts" name="MovesDrawer — 採用率100%時に技名が省略されないこと (sm〜lg 全ブレークポイント) &gt; EN: &apos;take-down&apos; の技名が translation.json に存在し空でない" time="0.0004378">
        </testcase>
        <testcase classname="src/components/client/team-builder/MovesDrawer.spec.ts" name="MovesDrawer — 採用率100%時に技名が省略されないこと (sm〜lg 全ブレークポイント) &gt; EN: &apos;thrash&apos; の技名が translation.json に存在し空でない" time="0.0004214">
        </testcase>
        <testcase classname="src/components/client/team-builder/MovesDrawer.spec.ts" name="MovesDrawer — 採用率100%時に技名が省略されないこと (sm〜lg 全ブレークポイント) &gt; EN: &apos;double-edge&apos; の技名が translation.json に存在し空でない" time="0.0004138">
        </testcase>
        <testcase classname="src/components/client/team-builder/MovesDrawer.spec.ts" name="MovesDrawer — 採用率100%時に技名が省略されないこと (sm〜lg 全ブレークポイント) &gt; EN: &apos;pin-missile&apos; の技名が translation.json に存在し空でない" time="0.0004071">
        </testcase>
        <testcase classname="src/components/client/team-builder/MovesDrawer.spec.ts" name="MovesDrawer — 採用率100%時に技名が省略されないこと (sm〜lg 全ブレークポイント) &gt; EN: &apos;bite&apos; の技名が translation.json に存在し空でない" time="0.0004011">
        </testcase>
        <testcase classname="src/components/client/team-builder/MovesDrawer.spec.ts" name="MovesDrawer — 採用率100%時に技名が省略されないこと (sm〜lg 全ブレークポイント) &gt; EN: &apos;roar&apos; の技名が translation.json に存在し空でない" time="0.0003721">
        </testcase>
        <testcase classname="src/components/client/team-builder/MovesDrawer.spec.ts" name="MovesDrawer — 採用率100%時に技名が省略されないこと (sm〜lg 全ブレークポイント) &gt; EN: &apos;sing&apos; の技名が translation.json に存在し空でない" time="0.0003562">
        </testcase>
        <testcase classname="src/components/client/team-builder/MovesDrawer.spec.ts" name="MovesDrawer — 採用率100%時に技名が省略されないこと (sm〜lg 全ブレークポイント) &gt; EN: &apos;supersonic&apos; の技名が translation.json に存在し空でない" time="0.0003491">
        </testcase>
        <testcase classname="src/components/client/team-builder/MovesDrawer.spec.ts" name="MovesDrawer — 採用率100%時に技名が省略されないこと (sm〜lg 全ブレークポイント) &gt; EN: &apos;disable&apos; の技名が translation.json に存在し空でない" time="0.0003428">
        </testcase>
        <testcase classname="src/components/client/team-builder/MovesDrawer.spec.ts" name="MovesDrawer — 採用率100%時に技名が省略されないこと (sm〜lg 全ブレークポイント) &gt; EN: &apos;flamethrower&apos; の技名が translation.json に存在し空でない" time="0.000337">
        </testcase>
        <testcase classname="src/components/client/team-builder/MovesDrawer.spec.ts" name="MovesDrawer — 採用率100%時に技名が省略されないこと (sm〜lg 全ブレークポイント) &gt; EN: &apos;mist&apos; の技名が translation.json に存在し空でない" time="0.000322">
        </testcase>
        <testcase classname="src/components/client/team-builder/MovesDrawer.spec.ts" name="MovesDrawer — 採用率100%時に技名が省略されないこと (sm〜lg 全ブレークポイント) &gt; EN: &apos;water-gun&apos; の技名が translation.json に存在し空でない" time="0.0003112">
        </testcase>
        <testcase classname="src/components/client/team-builder/MovesDrawer.spec.ts" name="MovesDrawer — 採用率100%時に技名が省略されないこと (sm〜lg 全ブレークポイント) &gt; EN: &apos;hydro-pump&apos; の技名が translation.json に存在し空でない" time="0.0003051">
        </testcase>
        <testcase classname="src/components/client/team-builder/MovesDrawer.spec.ts" name="MovesDrawer — 採用率100%時に技名が省略されないこと (sm〜lg 全ブレークポイント) &gt; EN: &apos;surf&apos; の技名が translation.json に存在し空でない" time="0.0002915">
        </testcase>
        <testcase classname="src/components/client/team-builder/MovesDrawer.spec.ts" name="MovesDrawer — 採用率100%時に技名が省略されないこと (sm〜lg 全ブレークポイント) &gt; EN: &apos;ice-beam&apos; の技名が translation.json に存在し空でない" time="0.0002854">
        </testcase>
        <testcase classname="src/components/client/team-builder/MovesDrawer.spec.ts" name="MovesDrawer — 採用率100%時に技名が省略されないこと (sm〜lg 全ブレークポイント) &gt; EN: &apos;blizzard&apos; の技名が translation.json に存在し空でない" time="0.0002658">
        </testcase>
[...]
        </testcase>
        <testcase classname="src/components/client/team-builder/MovesDrawer.spec.ts" name="MovesDrawer — 採用率100%時に技名が省略されないこと (sm〜lg 全ブレークポイント) &gt; JA: &apos;expanding-force&apos; の技名が translation.json に存在し空でない" time="0.0001955">
        </testcase>
        <testcase classname="src/components/client/team-builder/MovesDrawer.spec.ts" name="MovesDrawer — 採用率100%時に技名が省略されないこと (sm〜lg 全ブレークポイント) &gt; JA: &apos;steel-roller&apos; の技名が translation.json に存在し空でない" time="0.0001906">
        </testcase>
        <testcase classname="src/components/client/team-builder/MovesDrawer.spec.ts" name="MovesDrawer — 採用率100%時に技名が省略されないこと (sm〜lg 全ブレークポイント) &gt; JA: &apos;scale-shot&apos; の技名が translation.json に存在し空でない" time="0.000186">
        </testcase>
        <testcase classname="src/components/client/team-builder/MovesDrawer.spec.ts" name="MovesDrawer — 採用率100%時に技名が省略されないこと (sm〜lg 全ブレークポイント) &gt; JA: &apos;meteor-beam&apos; の技名が translation.json に存在し空でない" time="0.000181">
        </testcase>
        <testcase classname="src/components/client/team-builder/MovesDrawer.spec.ts" name="MovesDrawer — 採用率100%時に技名が省略されないこと (sm〜lg 全ブレークポイント) &gt; JA: &apos;shell-side-arm&apos; の技名が translation.json に存在し空でない" time="0.0002015">
        </testcase>
        <testcase classname="src/components/client/team-builder/MovesDrawer.spec.ts" name="MovesDrawer — 採用率100%時に技名が省略されないこと (sm〜lg 全ブレークポイント) &gt; JA: &apos;misty-explosion&apos; の技名が translation.json に存在し空でない" time="0.0001967">
        </testcase>
        <testcase classname="src/components/client/team-builder/MovesDrawer.spec.ts" name="MovesDrawer — 採用率100%時に技名が省略されないこと (sm〜lg 全ブレークポイント) &gt; JA: &apos;grassy-glide&apos; の技名が translation.json に存在し空でない" time="0.0001919">
        </testcase>
        <testcase classname="src/components/client/team-builder/MovesDrawer.spec.ts" name="MovesDrawer — 採用率100%時に技名が省略されないこと (sm〜lg 全ブレークポイント) &gt; JA: &apos;rising-voltage&apos; の技名が translation.json に存在し空でない" time="0.0001871">
        </testcase>
        <testcase classname="src/components/client/team-builder/MovesDrawer.spec.ts" name="MovesDrawer — 採用率100%時に技名が省略されないこと (sm〜lg 全ブレークポイント) &gt; JA: &apos;terrain-pulse&apos; の技名が translation.json に存在し空でない" time="0.0001822">
        </testcase>
        <testcase classname="src/components/client/team-builder/MovesDrawer.spec.ts" name="MovesDrawer — 採用率100%時に技名が省略されないこと (sm〜lg 全ブレークポイント) &gt; JA: &apos;skitter-smack&apos; の技名が translation.json に存在し空でない" time="0.0002016">
        </testcase>
        <testcase classname="src/components/client/team-builder/MovesDrawer.spec.ts" name="MovesDrawer — 採用率100%時に技名が省略されないこと (sm〜lg 全ブレークポイント) &gt; JA: &apos;burning-jealousy&apos; の技名が translation.json に存在し空でない" time="0.0001963">
        </testcase>
        <testcase classname="src/components/client/team-builder/MovesDrawer.spec.ts" name="MovesDrawer — 採用率100%時に技名が省略されないこと (sm〜lg 全ブレークポイント) &gt; JA: &apos;lash-out&apos; の技名が translation.json に存在し空でない" time="0.0001915">
        </testcase>
        <testcase classname="src/components/client/team-builder/MovesDrawer.spec.ts" name="MovesDrawer — 採用率100%時に技名が省略されないこと (sm〜lg 全ブレークポイント) &gt; JA: &apos;poltergeist&apos; の技名が translation.json に存在し空でない" time="0.0001869">
        </testcase>
        <testcase classname="src/components/client/team-builder/MovesDrawer.spec.ts" name="MovesDrawer — 採用率100%時に技名が省略されないこと (sm〜lg 全ブレークポイント) &gt; JA: &apos;corrosive-gas&apos; の技名が translation.json に存在し空でない" time="0.0001821">
        </testcase>
        <testcase classname="src/components/client/team-builder/MovesDrawer.spec.ts" name="MovesDrawer — 採用率100%時に技名が省略されないこと (sm〜lg 全ブレークポイント) &gt; JA: &apos;coaching&apos; の技名が translation.json に存在し空でない" time="0.000213">
        </testcase>
        <testcase classname="src/components/client/team-builder/MovesDrawer.spec.ts" name="MovesDrawer — 採用率100%時に技名が省略されないこと (sm〜lg 全ブレークポイント) &gt; JA: &apos;flip-turn&apos; の技名が translation.json に存在し空でない" time="0.0002081">
        </testcase>
        <testcase classname="src/components/client/team-builder/MovesDrawer.spec.ts" name="MovesDrawer — 採用率100%時に技名が省略されないこと (sm〜lg 全ブレークポイント) &gt; JA: &apos;triple-axel&apos; の技名が translation.json に存在し空でない" time="0.0002036">
        </testcase>
        <testcase classname="src/components/client/team-builder/MovesDrawer.spec.ts" name="MovesDrawer — 採用率100%時に技名が省略されないこと (sm〜lg 全ブレークポイント) &gt; JA: &apos;dual-wingbeat&apos; の技名が translation.json に存在し空でない" time="0.0001981">
        </testcase>
        <testcase classname="src/components/client/team-builder/MovesDrawer.spec.ts" name="MovesDrawer — 採用率100%時に技名が省略されないこと (sm〜lg 全ブレークポイント) &gt; JA: &apos;scorching-sands&apos; の技名が translation.json に存在し空でない" time="0.0001932">
        </testcase>
        <testcase classname="src/components/client/team-builder/MovesDrawer.spec.ts" name="MovesDrawer — 採用率100%時に技名が省略されないこと (sm〜lg 全ブレークポイント) &gt; JA: &apos;eerie-spell&apos; の技名が translation.json に存在し空でない" time="0.0002014">
        </testcase>
        <testcase classname="src/components/client/team-builder/MovesDrawer.spec.ts" name="MovesDrawer — 採用率100%時に技名が省略されないこと (sm〜lg 全ブレークポイント) &gt; JA: &apos;dire-claw&apos; の技名が translation.json に存在し空でない" time="0.000196">
        </testcase>
        <testcase classname="src/components/client/team-builder/MovesDrawer.spec.ts" name="MovesDrawer — 採用率100%時に技名が省略されないこと (sm〜lg 全ブレークポイント) &gt; JA: &apos;psyshield-bash&apos; の技名が translation.json に存在し空でない" time="0.0001916">
        </testcase>
        <testcase classname="src/components/client/team-builder/MovesDrawer.spec.ts" name="MovesDrawer — 採用率100%時に技名が省略されないこと (sm〜lg 全ブレークポイント) &gt; JA: &apos;power-shift&apos; の技名が translation.json に存在し空でない" time="0.0001869">
        </testcase>
        <testcase classname="src/components/client/team-builder/MovesDrawer.spec.ts" name="MovesDrawer — 採用率100%時に技名が省略されないこと (sm〜lg 全ブレークポイント) &gt; JA: &apos;stone-axe&apos; の技名が translation.json に存在し空でない" time="0.0001823">
        </testcase>
        <testcase classname="src/components/client/team-builder/MovesDrawer.spec.ts" name="MovesDrawer — 採用率100%時に技名が省略されないこと (sm〜lg 全ブレークポイント) &gt; JA: &apos;raging-fury&apos; の技名が translation.json に存在し空でない" time="0.0002081">
        </testcase>
        <testcase classname="src/components/client/team-builder/MovesDrawer.spec.ts" name="MovesDrawer — 採用率100%時に技名が省略されないこと (sm〜lg 全ブレークポイント) &gt; JA: &apos;wave-crash&apos; の技名が translation.json に存在し空でない" time="0.0002032">
        </testcase>
        <testcase classname="src/components/client/team-builder/MovesDrawer.spec.ts" name="MovesDrawer — 採用率100%時に技名が省略されないこと (sm〜lg 全ブレークポイント) &gt; JA: &apos;mountain-gale&apos; の技名が translation.json に存在し空でない" time="0.0001985">
        </testcase>
        <testcase classname="src/components/client/team-builder/MovesDrawer.spec.ts" name="MovesDrawer — 採用率100%時に技名が省略されないこと (sm〜lg 全ブレークポイント) &gt; JA: &apos;headlong-rush&apos; の技名が translation.json に存在し空でない" time="0.0001931">
        </testcase>
        <testcase classname="src/components/client/team-builder/MovesDrawer.spec.ts" name="MovesDrawer — 採用率100%時に技名が省略されないこと (sm〜lg 全ブレークポイント) &gt; JA: &apos;barb-barrage&apos; の技名が translation.json に存在し空でない" time="0.0001883">
        </testcase>
        <testcase classname="src/components/client/team-builder/MovesDrawer.spec.ts" name="MovesDrawer — 採用率100%時に技名が省略されないこと (sm〜lg 全ブレークポイント) &gt; JA: &apos;bitter-malice&apos; の技名が translation.json に存在し空でない" time="0.0002371">
        </testcase>
        <testcase classname="src/components/client/team-builder/MovesDrawer.spec.ts" name="MovesDrawer — 採用率100%時に技名が省略されないこと (sm〜lg 全ブレークポイント) &gt; JA: &apos;shelter&apos; の技名が translation.json に存在し空でない" time="0.0002319">
        </testcase>
        <testcase classname="src/components/client/team-builder/MovesDrawer.spec.ts" name="MovesDrawer — 採用率100%時に技名が省略されないこと (sm〜lg 全ブレークポイント) &gt; JA: &apos;triple-arrows&apos; の技名が translation.json に存在し空でない" time="0.0002267">
        </testcase>
        <testcase classname="src/components/client/team-builder/MovesDrawer.spec.ts" name="MovesDrawer — 採用率100%時に技名が省略されないこと (sm〜lg 全ブレークポイント) &gt; JA: &apos;infernal-parade&apos; の技名が translation.json に存在し空でない" time="0.0002221">
        </testcase>
        <testcase classname="src/components/client/team-builder/MovesDrawer.spec.ts" name="MovesDrawer — 採用率100%時に技名が省略されないこと (sm〜lg 全ブレークポイント) &gt; JA: &apos;ceaseless-edge&apos; の技名が translation.json に存在し空でない" time="0.0001864">
        </testcase>
        <testcase classname="src/components/client/team-builder/MovesDrawer.spec.ts" name="MovesDrawer — 採用率100%時に技名が省略されないこと (sm〜lg 全ブレークポイント) &gt; JA: &apos;tera-blast&apos; の技名が translation.json に存在し空でない" time="0.0002053">
        </testcase>
        <testcase classname="src/components/client/team-builder/MovesDrawer.spec.ts" name="MovesDrawer — 採用率100%時に技名が省略されないこと (sm〜lg 全ブレークポイント) &gt; JA: &apos;axe-kick&apos; の技名が translation.json に存在し空でない" time="0.0002003">
        </testcase>
        <testcase classname="src/components/client/team-builder/MovesDrawer.spec.ts" name="MovesDrawer — 採用率100%時に技名が省略されないこと (sm〜lg 全ブレークポイント) &gt; JA: &apos;last-respects&apos; の技名が translation.json に存在し空でない" time="0.0001955">
        </testcase>
        <testcase classname="src/components/client/team-builder/MovesDrawer.spec.ts" name="MovesDrawer — 採用率100%時に技名が省略されないこと (sm〜lg 全ブレークポイント) &gt; JA: &apos;lumina-crash&apos; の技名が translation.json に存在し空でない" time="0.0001909">
        </testcase>
        <testcase classname="src/components/client/team-builder/MovesDrawer.spec.ts" name="MovesDrawer — 採用率100%時に技名が省略されないこと (sm〜lg 全ブレークポイント) &gt; JA: &apos;jet-punch&apos; の技名が translation.json に存在し空でない" time="0.0001837">
        </testcase>
        <testcase classname="src/components/client/team-builder/MovesDrawer.spec.ts" name="MovesDrawer — 採用率100%時に技名が省略されないこと (sm〜lg 全ブレークポイント) &gt; JA: &apos;spicy-extract&apos; の技名が translation.json に存在し空でない" time="0.0002115">
        </testcase>
        <testcase classname="src/components/client/team-builder/MovesDrawer.spec.ts" name="MovesDrawer — 採用率100%時に技名が省略されないこと (sm〜lg 全ブレークポイント) &gt; JA: &apos;population-bomb&apos; の技名が translation.json に存在し空でない" time="0.0002065">
        </testcase>
        <testcase classname="src/components/client/team-builder/MovesDrawer.spec.ts" name="MovesDrawer — 採用率100%時に技名が省略されないこと (sm〜lg 全ブレークポイント) &gt; JA: &apos;ice-spinner&apos; の技名が translation.json に存在し空でない" time="0.0002016">
        </testcase>
        <testcase classname="src/components/client/team-builder/MovesDrawer.spec.ts" name="MovesDrawer — 採用率100%時に技名が省略されないこと (sm〜lg 全ブレークポイント) &gt; JA: &apos;salt-cure&apos; の技名が translation.json に存在し空でない" time="0.0001971">
        </testcase>
        <testcase classname="src/components/client/team-builder/MovesDrawer.spec.ts" name="MovesDrawer — 採用率100%時に技名が省略されないこと (sm〜lg 全ブレークポイント) &gt; JA: &apos;mortal-spin&apos; の技名が translation.json に存在し空でない" time="0.0001925">
        </testcase>
        <testcase classname="src/components/client/team-builder/MovesDrawer.spec.ts" name="MovesDrawer — 採用率100%時に技名が省略されないこと (sm〜lg 全ブレークポイント) &gt; JA: &apos;kowtow-cleave&apos; の技名が translation.json に存在し空でない" time="0.0002031">
        </testcase>
        <testcase classname="src/components/client/team-builder/MovesDrawer.spec.ts" name="MovesDrawer — 採用率100%時に技名が省略されないこと (sm〜lg 全ブレークポイント) &gt; JA: &apos;flower-trick&apos; の技名が translation.json に存在し空でない" time="0.0001974">
        </testcase>
        <testcase classname="src/components/client/team-builder/MovesDrawer.spec.ts" name="MovesDrawer — 採用率100%時に技名が省略されないこと (sm〜lg 全ブレークポイント) &gt; JA: &apos;torch-song&apos; の技名が translation.json に存在し空でない" time="0.0001929">
        </testcase>
        <testcase classname="src/components/client/team-builder/MovesDrawer.spec.ts" name="MovesDrawer — 採用率100%時に技名が省略されないこと (sm〜lg 全ブレークポイント) &gt; JA: &apos;aqua-step&apos; の技名が translation.json に存在し空でない" time="0.0001884">
        </testcase>
        <testcase classname="src/components/client/team-builder/MovesDrawer.spec.ts" name="MovesDrawer — 採用率100%時に技名が省略されないこと (sm〜lg 全ブレークポイント) &gt; JA: &apos;raging-bull&apos; の技名が translation.json に存在し空でない" time="0.0001836">
        </testcase>
        <testcase classname="src/components/client/team-builder/MovesDrawer.spec.ts" name="MovesDrawer — 採用率100%時に技名が省略されないこと (sm〜lg 全ブレークポイント) &gt; JA: &apos;make-it-rain&apos; の技名が translation.json に存在し空でない" time="0.0002224">
        </testcase>
        <testcase classname="src/components/client/team-builder/MovesDrawer.spec.ts" name="MovesDrawer — 採用率100%時に技名が省略されないこと (sm〜lg 全ブレークポイント) &gt; JA: &apos;shed-tail&apos; の技名が translation.json に存在し空でない" time="0.0002174">
        </testcase>
        <testcase classname="src/components/client/team-builder/MovesDrawer.spec.ts" name="MovesDrawer — 採用率100%時に技名が省略されないこと (sm〜lg 全ブレークポイント) &gt; JA: &apos;chilly-reception&apos; の技名が translation.json に存在し空でない" time="0.0002128">
        </testcase>
        <testcase classname="src/components/client/team-builder/MovesDrawer.spec.ts" name="MovesDrawer — 採用率100%時に技名が省略されないこと (sm〜lg 全ブレークポイント) &gt; JA: &apos;tidy-up&apos; の技名が translation.json に存在し空でない" time="0.0002085">
        </testcase>
        <testcase classname="src/components/client/team-builder/MovesDrawer.spec.ts" name="MovesDrawer — 採用率100%時に技名が省略されないこと (sm〜lg 全ブレークポイント) &gt; JA: &apos;snowscape&apos; の技名が translation.json に存在し空でない" time="0.0002036">
        </testcase>
        <testcase classname="src/components/client/team-builder/MovesDrawer.spec.ts" name="MovesDrawer — 採用率100%時に技名が省略されないこと (sm〜lg 全ブレークポイント) &gt; JA: &apos;pounce&apos; の技名が translation.json に存在し空でない" time="0.0002365">
        </testcase>
        <testcase classname="src/components/client/team-builder/MovesDrawer.spec.ts" name="MovesDrawer — 採用率100%時に技名が省略されないこと (sm〜lg 全ブレークポイント) &gt; JA: &apos;trailblaze&apos; の技名が translation.json に存在し空でない" time="0.0002305">
        </testcase>
        <testcase classname="src/components/client/team-builder/MovesDrawer.spec.ts" name="MovesDrawer — 採用率100%時に技名が省略されないこと (sm〜lg 全ブレークポイント) &gt; JA: &apos;chilling-water&apos; の技名が translation.json に存在し空でない" time="0.0002259">
        </testcase>
        <testcase classname="src/components/client/team-builder/MovesDrawer.spec.ts" name="MovesDrawer — 採用率100%時に技名が省略されないこと (sm〜lg 全ブレークポイント) &gt; JA: &apos;twin-beam&apos; の技名が translation.json に存在し空でない" time="0.0002208">
        </testcase>
        <testcase classname="src/components/client/team-builder/MovesDrawer.spec.ts" name="MovesDrawer — 採用率100%時に技名が省略されないこと (sm〜lg 全ブレークポイント) &gt; JA: &apos;rage-fist&apos; の技名が translation.json に存在し空でない" time="0.0002163">
        </testcase>
        <testcase classname="src/components/client/team-builder/MovesDrawer.spec.ts" name="MovesDrawer — 採用率100%時に技名が省略されないこと (sm〜lg 全ブレークポイント) &gt; JA: &apos;armor-cannon&apos; の技名が translation.json に存在し空でない" time="0.0002683">
        </testcase>
        <testcase classname="src/components/client/team-builder/MovesDrawer.spec.ts" name="MovesDrawer — 採用率100%時に技名が省略されないこと (sm〜lg 全ブレークポイント) &gt; JA: &apos;bitter-blade&apos; の技名が translation.json に存在し空でない" time="0.0002615">
        </testcase>
        <testcase classname="src/components/client/team-builder/MovesDrawer.spec.ts" name="MovesDrawer — 採用率100%時に技名が省略されないこと (sm〜lg 全ブレークポイント) &gt; JA: &apos;gigaton-hammer&apos; の技名が translation.json に存在し空でない" time="0.0002568">
        </testcase>
        <testcase classname="src/components/client/team-builder/MovesDrawer.spec.ts" name="MovesDrawer — 採用率100%時に技名が省略されないこと (sm〜lg 全ブレークポイント) &gt; JA: &apos;comeuppance&apos; の技名が translation.json に存在し空でない" time="0.0002518">
        </testcase>
        <testcase classname="src/components/client/team-builder/MovesDrawer.spec.ts" name="MovesDrawer — 採用率100%時に技名が省略されないこと (sm〜lg 全ブレークポイント) &gt; JA: &apos;aqua-cutter&apos; の技名が translation.json に存在し空でない" time="0.0002467">
        </testcase>
        <testcase classname="src/components/client/team-builder/MovesDrawer.spec.ts" name="MovesDrawer — 採用率100%時に技名が省略されないこと (sm〜lg 全ブレークポイント) &gt; JA: &apos;matcha-gotcha&apos; の技名が translation.json に存在し空でない" time="0.0002228">
        </testcase>
        <testcase classname="src/components/client/team-builder/MovesDrawer.spec.ts" name="MovesDrawer — 採用率100%時に技名が省略されないこと (sm〜lg 全ブレークポイント) &gt; JA: &apos;syrup-bomb&apos; の技名が translation.json に存在し空でない" time="0.0002159">
        </testcase>
        <testcase classname="src/components/client/team-builder/MovesDrawer.spec.ts" name="MovesDrawer — 採用率100%時に技名が省略されないこと (sm〜lg 全ブレークポイント) &gt; JA: &apos;electro-shot&apos; の技名が translation.json に存在し空でない" time="0.0002111">
        </testcase>
        <testcase classname="src/components/client/team-builder/MovesDrawer.spec.ts" name="MovesDrawer — 採用率100%時に技名が省略されないこと (sm〜lg 全ブレークポイント) &gt; JA: &apos;fickle-beam&apos; の技名が translation.json に存在し空でない" time="0.0002061">
        </testcase>
        <testcase classname="src/components/client/team-builder/MovesDrawer.spec.ts" name="MovesDrawer — 採用率100%時に技名が省略されないこと (sm〜lg 全ブレークポイント) &gt; JA: &apos;hard-press&apos; の技名が translation.json に存在し空でない" time="0.0002015">
        </testcase>
        <testcase classname="src/components/client/team-builder/MovesDrawer.spec.ts" name="MovesDrawer — 採用率100%時に技名が省略されないこと (sm〜lg 全ブレークポイント) &gt; JA: &apos;dragon-cheer&apos; の技名が translation.json に存在し空でない" time="0.0002183">
        </testcase>
        <testcase classname="src/components/client/team-builder/MovesDrawer.spec.ts" name="MovesDrawer — 採用率100%時に技名が省略されないこと (sm〜lg 全ブレークポイント) &gt; JA: &apos;alluring-voice&apos; の技名が translation.json に存在し空でない" time="0.0002127">
        </testcase>
        <testcase classname="src/components/client/team-builder/MovesDrawer.spec.ts" name="MovesDrawer — 採用率100%時に技名が省略されないこと (sm〜lg 全ブレークポイント) &gt; JA: &apos;temper-flare&apos; の技名が translation.json に存在し空でない" time="0.000208">
        </testcase>
        <testcase classname="src/components/client/team-builder/MovesDrawer.spec.ts" name="MovesDrawer — 採用率100%時に技名が省略されないこと (sm〜lg 全ブレークポイント) &gt; JA: &apos;supercell-slam&apos; の技名が translation.json に存在し空でない" time="0.0002032">
        </testcase>
        <testcase classname="src/components/client/team-builder/MovesDrawer.spec.ts" name="MovesDrawer — 採用率100%時に技名が省略されないこと (sm〜lg 全ブレークポイント) &gt; JA: &apos;psychic-noise&apos; の技名が translation.json に存在し空でない" time="0.0001984">
        </testcase>
        <testcase classname="src/components/client/team-builder/MovesDrawer.spec.ts" name="MovesDrawer — 採用率100%時に技名が省略されないこと (sm〜lg 全ブレークポイント) &gt; JA: &apos;upper-hand&apos; の技名が translation.json に存在し空でない" time="0.0000479">
        </testcase>
        <testcase classname="src/components/client/team-builder/MovesDrawer.spec.ts" name="MovesDrawer — 採用率100%時に技名が省略されないこと (sm〜lg 全ブレークポイント) &gt; [sm/EN] 採用率100%で全技名が省略されない" time="0.0012449">
        </testcase>
        <testcase classname="src/components/client/team-builder/MovesDrawer.spec.ts" name="MovesDrawer — 採用率100%時に技名が省略されないこと (sm〜lg 全ブレークポイント) &gt; [sm/JA] 採用率100%で全技名が省略されない" time="0.0003511">
        </testcase>
        <testcase classname="src/components/client/team-builder/MovesDrawer.spec.ts" name="MovesDrawer — 採用率100%時に技名が省略されないこと (sm〜lg 全ブレークポイント) &gt; [md/EN] 採用率100%で全技名が省略されない" time="0.0003377">
        </testcase>
        <testcase classname="src/components/client/team-builder/MovesDrawer.spec.ts" name="MovesDrawer — 採用率100%時に技名が省略されないこと (sm〜lg 全ブレークポイント) &gt; [md/JA] 採用率100%で全技名が省略されない" time="0.0001528">
        </testcase>
        <testcase classname="src/components/client/team-builder/MovesDrawer.spec.ts" name="MovesDrawer — 採用率100%時に技名が省略されないこと (sm〜lg 全ブレークポイント) &gt; [lg/EN] 採用率100%で全技名が省略されない" time="0.0003146">
        </testcase>
        <testcase classname="src/components/client/team-builder/MovesDrawer.spec.ts" name="MovesDrawer — 採用率100%時に技名が省略されないこと (sm〜lg 全ブレークポイント) &gt; [lg/JA] 採用率100%で全技名が省略されない" time="0.00014">
        </testcase>
    </testsuite>
</testsuites>
